Using pre-set license
Built from '2020.3/staging' branch; Version is '2020.3.20f1 (41c4e627c95f) revision 4310246'; Using compiler version '192528614'; Build Type 'Release'
OS: 'Windows 10 Pro; OS build 19042.1348; Version 2009; 64bit' Language: 'en' Physical Memory: 8083 MB
BatchMode: 1, IsHumanControllingUs: 0, StartBugReporterOnCrash: 0, Is64bit: 1, IsPro: 0

COMMAND LINE ARGUMENTS:
C:\Program Files\Unity\Hub\Editor\2020.3.20f1\Editor\Unity.exe
-adb2
-batchMode
-noUpm
-name
AssetImportWorker2
-projectPath
C:/Users/UTAMA/Documents/GitHub/game-rpg-2
-logFile
Logs/AssetImportWorker2.log
-srvPort
62808
Successfully changed project path to: C:/Users/UTAMA/Documents/GitHub/game-rpg-2
C:/Users/UTAMA/Documents/GitHub/game-rpg-2
Using Asset Import Pipeline V2.
Refreshing native plugins compatible for Editor in 107.73 ms, found 2 plugins.
Preloading 0 native plugins for Editor in 0.00 ms.
Initialize engine version: 2020.3.20f1 (41c4e627c95f)
[Subsystems] Discovering subsystems at path C:/Program Files/Unity/Hub/Editor/2020.3.20f1/Editor/Data/Resources/UnitySubsystems
[Subsystems] Discovering subsystems at path C:/Users/UTAMA/Documents/GitHub/game-rpg-2/Assets
GfxDevice: creating device client; threaded=0
Direct3D:
    Version:  Direct3D 11.0 [level 11.1]
    Renderer: Intel(R) HD Graphics 630 (ID=0x5912)
    Vendor:   
    VRAM:     4041 MB
    Driver:   27.20.100.8681
Initialize mono
Mono path[0] = 'C:/Program Files/Unity/Hub/Editor/2020.3.20f1/Editor/Data/Managed'
Mono path[1] = 'C:/Program Files/Unity/Hub/Editor/2020.3.20f1/Editor/Data/MonoBleedingEdge/lib/mono/unityjit'
Mono config path = 'C:/Program Files/Unity/Hub/Editor/2020.3.20f1/Editor/Data/MonoBleedingEdge/etc'
Using monoOptions --debugger-agent=transport=dt_socket,embedding=1,server=y,suspend=n,address=127.0.0.1:56528
Begin MonoManager ReloadAssembly
Registering precompiled unity dll's ...
Register platform support module: C:/Program Files/Unity/Hub/Editor/2020.3.20f1/Editor/Data/PlaybackEngines/WindowsStandaloneSupport/UnityEditor.WindowsStandalone.Extensions.dll
Registered in 0.002091 seconds.
Native extension for WindowsStandalone target not found
Refreshing native plugins compatible for Editor in 110.25 ms, found 2 plugins.
Preloading 0 native plugins for Editor in 0.00 ms.
Mono: successfully reloaded assembly
- Completed reload, in  1.266 seconds
Domain Reload Profiling:
	ReloadAssembly (1266ms)
		BeginReloadAssembly (62ms)
			ExecutionOrderSort (0ms)
			DisableScriptedObjects (0ms)
			BackupInstance (0ms)
			ReleaseScriptingObjects (0ms)
			CreateAndSetChildDomain (1ms)
		EndReloadAssembly (506ms)
			LoadAssemblies (60ms)
			RebuildTransferFunctionScriptingTraits (0ms)
			SetupTypeCache (172ms)
			ReleaseScriptCaches (0ms)
			RebuildScriptCaches (30ms)
			SetupLoadedEditorAssemblies (238ms)
				LogAssemblyErrors (0ms)
				InitializePlatformSupportModulesInManaged (4ms)
				SetLoadedEditorAssemblies (0ms)
				RefreshPlugins (110ms)
				BeforeProcessingInitializeOnLoad (10ms)
				ProcessInitializeOnLoadAttributes (81ms)
				ProcessInitializeOnLoadMethodAttributes (32ms)
				AfterProcessingInitializeOnLoad (0ms)
				EditorAssembliesLoaded (0ms)
			ExecutionOrderSort2 (0ms)
			AwakeInstancesAfterBackupRestoration (0ms)
Platform modules already initialized, skipping
Registering precompiled user dll's ...
Registered in 0.003904 seconds.
Begin MonoManager ReloadAssembly
Native extension for WindowsStandalone target not found
Refreshing native plugins compatible for Editor in 113.11 ms, found 2 plugins.
Preloading 0 native plugins for Editor in 0.00 ms.
Mono: successfully reloaded assembly
- Completed reload, in  1.541 seconds
Domain Reload Profiling:
	ReloadAssembly (1542ms)
		BeginReloadAssembly (163ms)
			ExecutionOrderSort (0ms)
			DisableScriptedObjects (5ms)
			BackupInstance (0ms)
			ReleaseScriptingObjects (0ms)
			CreateAndSetChildDomain (19ms)
		EndReloadAssembly (1313ms)
			LoadAssemblies (98ms)
			RebuildTransferFunctionScriptingTraits (0ms)
			SetupTypeCache (375ms)
			ReleaseScriptCaches (1ms)
			RebuildScriptCaches (80ms)
			SetupLoadedEditorAssemblies (637ms)
				LogAssemblyErrors (0ms)
				InitializePlatformSupportModulesInManaged (4ms)
				SetLoadedEditorAssemblies (0ms)
				RefreshPlugins (113ms)
				BeforeProcessingInitializeOnLoad (66ms)
				ProcessInitializeOnLoadAttributes (441ms)
				ProcessInitializeOnLoadMethodAttributes (5ms)
				AfterProcessingInitializeOnLoad (7ms)
				EditorAssembliesLoaded (0ms)
			ExecutionOrderSort2 (0ms)
			AwakeInstancesAfterBackupRestoration (7ms)
Platform modules already initialized, skipping
========================================================================
Worker process is ready to serve import requests
Launched and connected shader compiler UnityShaderCompiler.exe after 0.10 seconds
Refreshing native plugins compatible for Editor in 0.88 ms, found 2 plugins.
Preloading 0 native plugins for Editor in 0.00 ms.
Unloading 3085 Unused Serialized files (Serialized files now loaded: 0)
System memory in use before: 133.5 MB.
System memory in use after: 133.7 MB.

Unloading 19 unused Assets to reduce memory usage. Loaded Objects now: 3544.
Total: 3.829000 ms (FindLiveObjects: 0.328200 ms CreateObjectMapping: 0.193600 ms MarkObjects: 3.207200 ms  DeleteObjects: 0.097900 ms)

AssetImportParameters requested are different than current active one (requested -> active):
  custom:framework-win-MediaFoundation: 216162199b28c13a410421893ffa2e32 -> 
  custom:video-decoder-ogg-theora: a1e56fd34408186e4bbccfd4996cb3dc -> 
  custom:container-muxer-webm: aa71ff27fc2769a1b78a27578f13a17b -> 
  custom:container-demuxer-webm: 4f35f7cbe854078d1ac9338744f61a02 -> 
  custom:container-demuxer-ogg: 62fdf1f143b41e24485cea50d1cbac27 -> 
  custom:video-encoder-webm-vp8: eb34c28f22e8b96e1ab97ce403110664 -> 
  custom:video-decoder-webm-vp8: 9c59270c3fd7afecdb556c50c9e8de78 -> 
  custom:audio-decoder-ogg-vorbis: bf7c407c2cedff20999df2af8eb42d56 -> 
  custom:audio-encoder-webm-vorbis: bf7c407c2cedff20999df2af8eb42d56 -> 
========================================================================
Received Import Request.
  path: Assets/Laboratory_Pack/!Prefabs_Props
  artifactKey: Guid(b9d47b61c362b7f419815cc01007a96a) Importer(815301076,1909f56bfc062723c751e8b465ee728b)
Start importing Assets/Laboratory_Pack/!Prefabs_Props using Guid(b9d47b61c362b7f419815cc01007a96a) Importer(815301076,1909f56bfc062723c751e8b465ee728b)  -> (artifact id: '39f2dff5f78311a46609941721ef4972') in 0.012055 seconds 
  Import took 0.018353 seconds .

========================================================================
Received Import Request.
  Time since last request: 7.683393 seconds.
  path: Assets/Laboratory_Pack/!Prefabs_Props/Boxes
  artifactKey: Guid(3f5f85cf9f7604e4ea296d5c62216437) Importer(815301076,1909f56bfc062723c751e8b465ee728b)
Start importing Assets/Laboratory_Pack/!Prefabs_Props/Boxes using Guid(3f5f85cf9f7604e4ea296d5c62216437) Importer(815301076,1909f56bfc062723c751e8b465ee728b)  -> (artifact id: '9dd2e91946920e10ee218c02db5ed0dd') in 0.015770 seconds 
  Import took 0.023433 seconds .

========================================================================
Received Import Request.
  Time since last request: 0.657498 seconds.
  path: Assets/Laboratory_Pack/!Prefabs_Props/Boxes/Box_Large.prefab
  artifactKey: Guid(ca1dfc9d285c3ac4db3cebb26c32b15b) Importer(815301076,1909f56bfc062723c751e8b465ee728b)
Start importing Assets/Laboratory_Pack/!Prefabs_Props/Boxes/Box_Large.prefab using Guid(ca1dfc9d285c3ac4db3cebb26c32b15b) Importer(815301076,1909f56bfc062723c751e8b465ee728b)  -> (artifact id: 'dae6af866915857a8f79befc54af3b3d') in 0.350454 seconds 
  Import took 0.358657 seconds .

========================================================================
Received Import Request.
  Time since last request: 0.532682 seconds.
  path: Assets/Laboratory_Pack/!Prefabs_Props/Boxes/Box_Small.prefab
  artifactKey: Guid(b6a88b7f61d80e64792caea3be045740) Importer(815301076,1909f56bfc062723c751e8b465ee728b)
Start importing Assets/Laboratory_Pack/!Prefabs_Props/Boxes/Box_Small.prefab using Guid(b6a88b7f61d80e64792caea3be045740) Importer(815301076,1909f56bfc062723c751e8b465ee728b)  -> (artifact id: '8afdec4433ab9ec451817395a5f2faae') in 0.135254 seconds 
  Import took 0.146221 seconds .

========================================================================
Received Import Request.
  Time since last request: 0.108361 seconds.
  path: Assets/Laboratory_Pack/!Prefabs_Props/Boxes/Props_4_Box.prefab
  artifactKey: Guid(91303957d76e6ce48a5c4f4f77a0754c) Importer(815301076,1909f56bfc062723c751e8b465ee728b)
Start importing Assets/Laboratory_Pack/!Prefabs_Props/Boxes/Props_4_Box.prefab using Guid(91303957d76e6ce48a5c4f4f77a0754c) Importer(815301076,1909f56bfc062723c751e8b465ee728b)  -> (artifact id: '601f8218c857907f01b4c786e372df38') in 0.315631 seconds 
  Import took 0.325191 seconds .

========================================================================
Received Import Request.
  Time since last request: 0.000171 seconds.
  path: Assets/Laboratory_Pack/!Prefabs_Props/Boxes/Props_4_Specimen_Container.prefab
  artifactKey: Guid(cd7c47df3b13d434aa1cdcf1c55b62b9) Importer(815301076,1909f56bfc062723c751e8b465ee728b)
Start importing Assets/Laboratory_Pack/!Prefabs_Props/Boxes/Props_4_Specimen_Container.prefab using Guid(cd7c47df3b13d434aa1cdcf1c55b62b9) Importer(815301076,1909f56bfc062723c751e8b465ee728b)  -> (artifact id: 'a918a8f4b7d3365d3cd17d1b0becc314') in 0.136403 seconds 
  Import took 0.146020 seconds .

========================================================================
Received Prepare
Refreshing native plugins compatible for Editor in 9.41 ms, found 2 plugins.
Preloading 0 native plugins for Editor in 0.00 ms.
Unloading 9 Unused Serialized files (Serialized files now loaded: 0)
System memory in use before: 75.7 MB.
System memory in use after: 76.0 MB.

Unloading 9 unused Assets to reduce memory usage. Loaded Objects now: 3551.
Total: 8.852800 ms (FindLiveObjects: 0.908200 ms CreateObjectMapping: 0.455500 ms MarkObjects: 7.450100 ms  DeleteObjects: 0.036300 ms)

AssetImportParameters requested are different than current active one (requested -> active):
  custom:framework-win-MediaFoundation: 216162199b28c13a410421893ffa2e32 -> 
  custom:video-decoder-ogg-theora: a1e56fd34408186e4bbccfd4996cb3dc -> 
  custom:container-muxer-webm: aa71ff27fc2769a1b78a27578f13a17b -> 
  custom:container-demuxer-webm: 4f35f7cbe854078d1ac9338744f61a02 -> 
  custom:container-demuxer-ogg: 62fdf1f143b41e24485cea50d1cbac27 -> 
  custom:video-encoder-webm-vp8: eb34c28f22e8b96e1ab97ce403110664 -> 
  custom:video-decoder-webm-vp8: 9c59270c3fd7afecdb556c50c9e8de78 -> 
  custom:audio-decoder-ogg-vorbis: bf7c407c2cedff20999df2af8eb42d56 -> 
  custom:audio-encoder-webm-vorbis: bf7c407c2cedff20999df2af8eb42d56 -> 
========================================================================
Received Import Request.
  Time since last request: 359.926380 seconds.
  path: Assets/my project/Prefabs/Objects/shelving
  artifactKey: Guid(4a8fa2a2ade54004788ca541a3db1a89) Importer(815301076,1909f56bfc062723c751e8b465ee728b)
Start importing Assets/my project/Prefabs/Objects/shelving using Guid(4a8fa2a2ade54004788ca541a3db1a89) Importer(815301076,1909f56bfc062723c751e8b465ee728b)  -> (artifact id: '8c290204640f859a43e55a35977ec1ef') in 0.014497 seconds 
  Import took 0.026977 seconds .

========================================================================
Received Import Request.
  Time since last request: 212.856444 seconds.
  path: Assets/Laboratory_Pack/!Prefabs_Level/Rooms/Room_1_Doorway.prefab
  artifactKey: Guid(0ffe38b6057d9ad489651adbd958540b) Importer(815301076,1909f56bfc062723c751e8b465ee728b)
Start importing Assets/Laboratory_Pack/!Prefabs_Level/Rooms/Room_1_Doorway.prefab using Guid(0ffe38b6057d9ad489651adbd958540b) Importer(815301076,1909f56bfc062723c751e8b465ee728b)  -> (artifact id: 'e7738a753bb5550b073afc78d8407df0') in 0.639867 seconds 
  Import took 0.653695 seconds .

========================================================================
Received Import Request.
  Time since last request: 0.380788 seconds.
  path: Assets/Laboratory_Pack/!Prefabs_Level/Rooms/Room_2_Floor_Platform_Corner_In.prefab
  artifactKey: Guid(521540c3d28ba43458d24cf351471594) Importer(815301076,1909f56bfc062723c751e8b465ee728b)
Start importing Assets/Laboratory_Pack/!Prefabs_Level/Rooms/Room_2_Floor_Platform_Corner_In.prefab using Guid(521540c3d28ba43458d24cf351471594) Importer(815301076,1909f56bfc062723c751e8b465ee728b)  -> (artifact id: 'b62cc628a08a1e1f134582d172c19d25') in 0.110768 seconds 
  Import took 0.119144 seconds .

========================================================================
Received Import Request.
  Time since last request: 1.066307 seconds.
  path: Assets/Laboratory_Pack/!Prefabs_Level/Rooms/Room_Wall_Niche.prefab
  artifactKey: Guid(28813cb41e7d45444b685f7409c99132) Importer(815301076,1909f56bfc062723c751e8b465ee728b)
Start importing Assets/Laboratory_Pack/!Prefabs_Level/Rooms/Room_Wall_Niche.prefab using Guid(28813cb41e7d45444b685f7409c99132) Importer(815301076,1909f56bfc062723c751e8b465ee728b)  -> (artifact id: 'c22320853c23beaa0aadbe1acef262ea') in 0.114693 seconds 
  Import took 0.124511 seconds .

========================================================================
Received Import Request.
  Time since last request: 0.353596 seconds.
  path: Assets/Laboratory_Pack/!Prefabs_Level/Rooms/Room_Wall_Niche_L.prefab
  artifactKey: Guid(b653b5c13d5c0d64690ae58f376ca526) Importer(815301076,1909f56bfc062723c751e8b465ee728b)
Start importing Assets/Laboratory_Pack/!Prefabs_Level/Rooms/Room_Wall_Niche_L.prefab using Guid(b653b5c13d5c0d64690ae58f376ca526) Importer(815301076,1909f56bfc062723c751e8b465ee728b)  -> (artifact id: '91ee66ee20502983b122ddf02fb24e15') in 0.114785 seconds 
  Import took 0.125915 seconds .

========================================================================
Received Import Request.
  Time since last request: 0.169525 seconds.
  path: Assets/Laboratory_Pack/!Prefabs_Level/Rooms/Wall_Border.prefab
  artifactKey: Guid(e5ab3db318a4acc46a3cb828d63f0c4b) Importer(815301076,1909f56bfc062723c751e8b465ee728b)
Start importing Assets/Laboratory_Pack/!Prefabs_Level/Rooms/Wall_Border.prefab using Guid(e5ab3db318a4acc46a3cb828d63f0c4b) Importer(815301076,1909f56bfc062723c751e8b465ee728b)  -> (artifact id: 'f34775f5e508ac2cdd6512f3f020e18f') in 0.111963 seconds 
  Import took 0.120731 seconds .

========================================================================
Received Import Request.
  Time since last request: 0.084888 seconds.
  path: Assets/Laboratory_Pack/!Prefabs_Level/Rooms/Wall_Border_2.prefab
  artifactKey: Guid(f368515b4d56ce84ab2026b176eab97b) Importer(815301076,1909f56bfc062723c751e8b465ee728b)
Start importing Assets/Laboratory_Pack/!Prefabs_Level/Rooms/Wall_Border_2.prefab using Guid(f368515b4d56ce84ab2026b176eab97b) Importer(815301076,1909f56bfc062723c751e8b465ee728b)  -> (artifact id: 'f078ace836f76d9a5648286caa8543c2') in 0.115220 seconds 
  Import took 0.123885 seconds .

========================================================================
Received Import Request.
  Time since last request: 0.703000 seconds.
  path: Assets/Laboratory_Pack/!Prefabs_Level/Rooms/Wall_Border_Corner_In.prefab
  artifactKey: Guid(4f987de192f29ba4799817fc81e8257c) Importer(815301076,1909f56bfc062723c751e8b465ee728b)
Start importing Assets/Laboratory_Pack/!Prefabs_Level/Rooms/Wall_Border_Corner_In.prefab using Guid(4f987de192f29ba4799817fc81e8257c) Importer(815301076,1909f56bfc062723c751e8b465ee728b)  -> (artifact id: 'a89123bc8296fb029bbd3d61362deb3b') in 0.116547 seconds 
  Import took 0.125078 seconds .

========================================================================
Received Import Request.
  Time since last request: 0.307148 seconds.
  path: Assets/Laboratory_Pack/!Prefabs_Level/Rooms/Wall_Border_Corner_Out.prefab
  artifactKey: Guid(4de5e14da6cd4ff4b8b7043788b43b3a) Importer(815301076,1909f56bfc062723c751e8b465ee728b)
Start importing Assets/Laboratory_Pack/!Prefabs_Level/Rooms/Wall_Border_Corner_Out.prefab using Guid(4de5e14da6cd4ff4b8b7043788b43b3a) Importer(815301076,1909f56bfc062723c751e8b465ee728b)  -> (artifact id: 'bb82f0f94ea9079dc5e77ef2826319a4') in 0.114517 seconds 
  Import took 0.124897 seconds .

========================================================================
Received Import Request.
  Time since last request: 50.357763 seconds.
  path: Assets/Laboratory_Pack/!Prefabs_Level/Rooms/Room_Wall_3.prefab
  artifactKey: Guid(d8d904ba9daa58448960f36e442aeb85) Importer(815301076,1909f56bfc062723c751e8b465ee728b)
Start importing Assets/Laboratory_Pack/!Prefabs_Level/Rooms/Room_Wall_3.prefab using Guid(d8d904ba9daa58448960f36e442aeb85) Importer(815301076,1909f56bfc062723c751e8b465ee728b)  -> (artifact id: '39502862cd6db87a5542b6dae90006fc') in 0.129060 seconds 
  Import took 0.138079 seconds .

========================================================================
Received Prepare
Registering precompiled user dll's ...
Registered in 0.003543 seconds.
Begin MonoManager ReloadAssembly
Native extension for WindowsStandalone target not found
Refreshing native plugins compatible for Editor in 1.59 ms, found 2 plugins.
Preloading 0 native plugins for Editor in 0.00 ms.
Mono: successfully reloaded assembly
- Completed reload, in  1.652 seconds
Domain Reload Profiling:
	ReloadAssembly (1653ms)
		BeginReloadAssembly (158ms)
			ExecutionOrderSort (0ms)
			DisableScriptedObjects (5ms)
			BackupInstance (0ms)
			ReleaseScriptingObjects (0ms)
			CreateAndSetChildDomain (44ms)
		EndReloadAssembly (1406ms)
			LoadAssemblies (148ms)
			RebuildTransferFunctionScriptingTraits (0ms)
			SetupTypeCache (496ms)
			ReleaseScriptCaches (1ms)
			RebuildScriptCaches (75ms)
			SetupLoadedEditorAssemblies (519ms)
				LogAssemblyErrors (0ms)
				InitializePlatformSupportModulesInManaged (9ms)
				SetLoadedEditorAssemblies (1ms)
				RefreshPlugins (2ms)
				BeforeProcessingInitializeOnLoad (86ms)
				ProcessInitializeOnLoadAttributes (410ms)
				ProcessInitializeOnLoadMethodAttributes (5ms)
				AfterProcessingInitializeOnLoad (7ms)
				EditorAssembliesLoaded (0ms)
			ExecutionOrderSort2 (0ms)
			AwakeInstancesAfterBackupRestoration (7ms)
Platform modules already initialized, skipping
Refreshing native plugins compatible for Editor in 1.18 ms, found 2 plugins.
Preloading 0 native plugins for Editor in 0.00 ms.
Unloading 3078 Unused Serialized files (Serialized files now loaded: 0)
System memory in use before: 136.4 MB.
System memory in use after: 136.7 MB.

Unloading 12 unused Assets to reduce memory usage. Loaded Objects now: 3553.
Total: 5.665300 ms (FindLiveObjects: 0.622300 ms CreateObjectMapping: 0.307500 ms MarkObjects: 4.700400 ms  DeleteObjects: 0.032400 ms)

AssetImportParameters requested are different than current active one (requested -> active):
  custom:framework-win-MediaFoundation: 216162199b28c13a410421893ffa2e32 -> 
  custom:video-decoder-ogg-theora: a1e56fd34408186e4bbccfd4996cb3dc -> 
  custom:container-muxer-webm: aa71ff27fc2769a1b78a27578f13a17b -> 
  custom:container-demuxer-webm: 4f35f7cbe854078d1ac9338744f61a02 -> 
  custom:container-demuxer-ogg: 62fdf1f143b41e24485cea50d1cbac27 -> 
  custom:video-encoder-webm-vp8: eb34c28f22e8b96e1ab97ce403110664 -> 
  custom:video-decoder-webm-vp8: 9c59270c3fd7afecdb556c50c9e8de78 -> 
  custom:audio-decoder-ogg-vorbis: bf7c407c2cedff20999df2af8eb42d56 -> 
  custom:audio-encoder-webm-vorbis: bf7c407c2cedff20999df2af8eb42d56 -> 
========================================================================
Received Import Request.
  Time since last request: 400.070579 seconds.
  path: Assets/Laboratory_Pack/!Prefabs_Props/Lights/Props_9_Lamp_1.prefab
  artifactKey: Guid(e31eeee2c4d02f347b859642b629db50) Importer(815301076,1909f56bfc062723c751e8b465ee728b)
Start importing Assets/Laboratory_Pack/!Prefabs_Props/Lights/Props_9_Lamp_1.prefab using Guid(e31eeee2c4d02f347b859642b629db50) Importer(815301076,1909f56bfc062723c751e8b465ee728b)  -> (artifact id: 'ec60fb2823da4361d2f6c661cbdd03be') in 0.227622 seconds 
  Import took 0.236025 seconds .

========================================================================
Received Import Request.
  Time since last request: 0.489964 seconds.
  path: Assets/Laboratory_Pack/!Prefabs_Props/Lights/Lab_Light_2.prefab
  artifactKey: Guid(55d65f7682e793b44b4b107acf122529) Importer(815301076,1909f56bfc062723c751e8b465ee728b)
Start importing Assets/Laboratory_Pack/!Prefabs_Props/Lights/Lab_Light_2.prefab using Guid(55d65f7682e793b44b4b107acf122529) Importer(815301076,1909f56bfc062723c751e8b465ee728b)  -> (artifact id: '1a61428f363abcac301d84e53603dc2a') in 0.365087 seconds 
  Import took 0.375076 seconds .

========================================================================
Received Import Request.
  Time since last request: 3.238480 seconds.
  path: Assets/Laboratory_Pack/!Prefabs_Props/Lights/Props_9_Lamp_2.prefab
  artifactKey: Guid(dbc39dc5e982a34488159d94ec9c0e04) Importer(815301076,1909f56bfc062723c751e8b465ee728b)
Start importing Assets/Laboratory_Pack/!Prefabs_Props/Lights/Props_9_Lamp_2.prefab using Guid(dbc39dc5e982a34488159d94ec9c0e04) Importer(815301076,1909f56bfc062723c751e8b465ee728b)  -> (artifact id: '7571ce7b2ca9db01bb0da6570d1540f6') in 0.090303 seconds 
  Import took 0.098189 seconds .

========================================================================
Received Import Request.
  Time since last request: 1.913935 seconds.
  path: Assets/Laboratory_Pack/!Prefabs_Props/Lights/Lab_Light.prefab
  artifactKey: Guid(9204fb7dbb7a0a84ba663dda2f272e3d) Importer(815301076,1909f56bfc062723c751e8b465ee728b)
Start importing Assets/Laboratory_Pack/!Prefabs_Props/Lights/Lab_Light.prefab using Guid(9204fb7dbb7a0a84ba663dda2f272e3d) Importer(815301076,1909f56bfc062723c751e8b465ee728b)  -> (artifact id: 'd366dc74a02318f607c4b39ae79d4bed') in 0.158377 seconds 
  Import took 0.168139 seconds .

========================================================================
Received Prepare
Registering precompiled user dll's ...
Registered in 0.003514 seconds.
Begin MonoManager ReloadAssembly
Native extension for WindowsStandalone target not found
Refreshing native plugins compatible for Editor in 0.82 ms, found 2 plugins.
Preloading 0 native plugins for Editor in 0.00 ms.
Mono: successfully reloaded assembly
- Completed reload, in  1.268 seconds
Domain Reload Profiling:
	ReloadAssembly (1268ms)
		BeginReloadAssembly (134ms)
			ExecutionOrderSort (0ms)
			DisableScriptedObjects (4ms)
			BackupInstance (0ms)
			ReleaseScriptingObjects (0ms)
			CreateAndSetChildDomain (41ms)
		EndReloadAssembly (1056ms)
			LoadAssemblies (110ms)
			RebuildTransferFunctionScriptingTraits (0ms)
			SetupTypeCache (351ms)
			ReleaseScriptCaches (1ms)
			RebuildScriptCaches (44ms)
			SetupLoadedEditorAssemblies (452ms)
				LogAssemblyErrors (0ms)
				InitializePlatformSupportModulesInManaged (4ms)
				SetLoadedEditorAssemblies (1ms)
				RefreshPlugins (1ms)
				BeforeProcessingInitializeOnLoad (50ms)
				ProcessInitializeOnLoadAttributes (385ms)
				ProcessInitializeOnLoadMethodAttributes (4ms)
				AfterProcessingInitializeOnLoad (7ms)
				EditorAssembliesLoaded (0ms)
			ExecutionOrderSort2 (0ms)
			AwakeInstancesAfterBackupRestoration (7ms)
Platform modules already initialized, skipping
Refreshing native plugins compatible for Editor in 0.94 ms, found 2 plugins.
Preloading 0 native plugins for Editor in 0.00 ms.
Unloading 3078 Unused Serialized files (Serialized files now loaded: 0)
System memory in use before: 136.5 MB.
System memory in use after: 136.7 MB.

Unloading 12 unused Assets to reduce memory usage. Loaded Objects now: 3556.
Total: 3.868800 ms (FindLiveObjects: 0.327400 ms CreateObjectMapping: 0.165500 ms MarkObjects: 3.346500 ms  DeleteObjects: 0.027700 ms)

AssetImportParameters requested are different than current active one (requested -> active):
  custom:framework-win-MediaFoundation: 216162199b28c13a410421893ffa2e32 -> 
  custom:video-decoder-ogg-theora: a1e56fd34408186e4bbccfd4996cb3dc -> 
  custom:container-muxer-webm: aa71ff27fc2769a1b78a27578f13a17b -> 
  custom:container-demuxer-webm: 4f35f7cbe854078d1ac9338744f61a02 -> 
  custom:container-demuxer-ogg: 62fdf1f143b41e24485cea50d1cbac27 -> 
  custom:video-encoder-webm-vp8: eb34c28f22e8b96e1ab97ce403110664 -> 
  custom:video-decoder-webm-vp8: 9c59270c3fd7afecdb556c50c9e8de78 -> 
  custom:audio-decoder-ogg-vorbis: bf7c407c2cedff20999df2af8eb42d56 -> 
  custom:audio-encoder-webm-vorbis: bf7c407c2cedff20999df2af8eb42d56 -> 
========================================================================
Received Import Request.
  Time since last request: 4015.766848 seconds.
  path: Assets/Laboratory_Pack/!Prefabs_Level/Rooms/Room_Wall_1.prefab
  artifactKey: Guid(c4d9e25f139a62e449023389df4624d1) Importer(815301076,1909f56bfc062723c751e8b465ee728b)
Start importing Assets/Laboratory_Pack/!Prefabs_Level/Rooms/Room_Wall_1.prefab using Guid(c4d9e25f139a62e449023389df4624d1) Importer(815301076,1909f56bfc062723c751e8b465ee728b)  -> (artifact id: '5e0d6913d69b300a8885d535a5163c58') in 0.210440 seconds 
  Import took 0.222281 seconds .

========================================================================
Received Prepare
Registering precompiled user dll's ...
Registered in 0.003599 seconds.
Begin MonoManager ReloadAssembly
Native extension for WindowsStandalone target not found
Refreshing native plugins compatible for Editor in 1.00 ms, found 2 plugins.
Preloading 0 native plugins for Editor in 0.00 ms.
Mono: successfully reloaded assembly
- Completed reload, in  1.681 seconds
Domain Reload Profiling:
	ReloadAssembly (1681ms)
		BeginReloadAssembly (157ms)
			ExecutionOrderSort (0ms)
			DisableScriptedObjects (5ms)
			BackupInstance (0ms)
			ReleaseScriptingObjects (0ms)
			CreateAndSetChildDomain (65ms)
		EndReloadAssembly (1454ms)
			LoadAssemblies (105ms)
			RebuildTransferFunctionScriptingTraits (0ms)
			SetupTypeCache (348ms)
			ReleaseScriptCaches (1ms)
			RebuildScriptCaches (46ms)
			SetupLoadedEditorAssemblies (825ms)
				LogAssemblyErrors (0ms)
				InitializePlatformSupportModulesInManaged (5ms)
				SetLoadedEditorAssemblies (1ms)
				RefreshPlugins (1ms)
				BeforeProcessingInitializeOnLoad (55ms)
				ProcessInitializeOnLoadAttributes (740ms)
				ProcessInitializeOnLoadMethodAttributes (11ms)
				AfterProcessingInitializeOnLoad (12ms)
				EditorAssembliesLoaded (0ms)
			ExecutionOrderSort2 (0ms)
			AwakeInstancesAfterBackupRestoration (17ms)
Platform modules already initialized, skipping
Refreshing native plugins compatible for Editor in 0.89 ms, found 2 plugins.
Preloading 0 native plugins for Editor in 0.00 ms.
Unloading 3078 Unused Serialized files (Serialized files now loaded: 0)
System memory in use before: 136.6 MB.
System memory in use after: 136.8 MB.

Unloading 12 unused Assets to reduce memory usage. Loaded Objects now: 3559.
Total: 3.502800 ms (FindLiveObjects: 0.301900 ms CreateObjectMapping: 0.167200 ms MarkObjects: 3.014700 ms  DeleteObjects: 0.017400 ms)

AssetImportParameters requested are different than current active one (requested -> active):
  custom:framework-win-MediaFoundation: 216162199b28c13a410421893ffa2e32 -> 
  custom:video-decoder-ogg-theora: a1e56fd34408186e4bbccfd4996cb3dc -> 
  custom:container-muxer-webm: aa71ff27fc2769a1b78a27578f13a17b -> 
  custom:container-demuxer-webm: 4f35f7cbe854078d1ac9338744f61a02 -> 
  custom:container-demuxer-ogg: 62fdf1f143b41e24485cea50d1cbac27 -> 
  custom:video-encoder-webm-vp8: eb34c28f22e8b96e1ab97ce403110664 -> 
  custom:video-decoder-webm-vp8: 9c59270c3fd7afecdb556c50c9e8de78 -> 
  custom:audio-decoder-ogg-vorbis: bf7c407c2cedff20999df2af8eb42d56 -> 
  custom:audio-encoder-webm-vorbis: bf7c407c2cedff20999df2af8eb42d56 -> 
========================================================================
Received Import Request.
  Time since last request: 597.835699 seconds.
  path: Assets/Laboratory_Pack/!Prefabs_Props/Scanners
  artifactKey: Guid(5786767579ff9ec4aafe03a3c74be469) Importer(815301076,1909f56bfc062723c751e8b465ee728b)
Start importing Assets/Laboratory_Pack/!Prefabs_Props/Scanners using Guid(5786767579ff9ec4aafe03a3c74be469) Importer(815301076,1909f56bfc062723c751e8b465ee728b)  -> (artifact id: 'fc37782336dc95dd5b2b4864853c422a') in 0.020172 seconds 
  Import took 0.028491 seconds .

========================================================================
Received Import Request.
  Time since last request: 0.870736 seconds.
  path: Assets/Laboratory_Pack/!Prefabs_Props/Surgery_Equipment
  artifactKey: Guid(c7951e4dcff98f04498b7c137d67fa39) Importer(815301076,1909f56bfc062723c751e8b465ee728b)
Start importing Assets/Laboratory_Pack/!Prefabs_Props/Surgery_Equipment using Guid(c7951e4dcff98f04498b7c137d67fa39) Importer(815301076,1909f56bfc062723c751e8b465ee728b)  -> (artifact id: '3cae02730a6ba7e1dbc87bc48a189e70') in 0.011740 seconds 
  Import took 0.019958 seconds .

========================================================================
Received Import Request.
  Time since last request: 1.142104 seconds.
  path: Assets/Laboratory_Pack/!Prefabs_Props/Tanks
  artifactKey: Guid(f401728a7a1044a47a2336c2c9563573) Importer(815301076,1909f56bfc062723c751e8b465ee728b)
Start importing Assets/Laboratory_Pack/!Prefabs_Props/Tanks using Guid(f401728a7a1044a47a2336c2c9563573) Importer(815301076,1909f56bfc062723c751e8b465ee728b)  -> (artifact id: '499fb1879c3e876f4482729cdaa76078') in 0.011480 seconds 
  Import took 0.021180 seconds .

========================================================================
Received Import Request.
  Time since last request: 1.971353 seconds.
  path: Assets/Laboratory_Pack/!Prefabs_Props/Office_Equipment
  artifactKey: Guid(50ec73dc7b5618547a5154eb941ae4e5) Importer(815301076,1909f56bfc062723c751e8b465ee728b)
Start importing Assets/Laboratory_Pack/!Prefabs_Props/Office_Equipment using Guid(50ec73dc7b5618547a5154eb941ae4e5) Importer(815301076,1909f56bfc062723c751e8b465ee728b)  -> (artifact id: '5708decad15d2c8917232dc2b8460a60') in 0.011726 seconds 
  Import took 0.019682 seconds .

========================================================================
Received Import Request.
  Time since last request: 1.905726 seconds.
  path: Assets/Laboratory_Pack/!Prefabs_Props/Lab_Equipment
  artifactKey: Guid(e8bc2d5594549874db15f2074353aa45) Importer(815301076,1909f56bfc062723c751e8b465ee728b)
Start importing Assets/Laboratory_Pack/!Prefabs_Props/Lab_Equipment using Guid(e8bc2d5594549874db15f2074353aa45) Importer(815301076,1909f56bfc062723c751e8b465ee728b)  -> (artifact id: '5eaec8b62899fee2b8255ccf30ffafae') in 0.012635 seconds 
  Import took 0.019670 seconds .

========================================================================
Received Import Request.
  Time since last request: 0.856949 seconds.
  path: Assets/Laboratory_Pack/!Prefabs_Props/Lab_Equipment/Props_8_Study_Pad.prefab
  artifactKey: Guid(62bd95ed86de6174298683a4abdf565e) Importer(815301076,1909f56bfc062723c751e8b465ee728b)
Start importing Assets/Laboratory_Pack/!Prefabs_Props/Lab_Equipment/Props_8_Study_Pad.prefab using Guid(62bd95ed86de6174298683a4abdf565e) Importer(815301076,1909f56bfc062723c751e8b465ee728b)  -> (artifact id: 'a9319e4ce9bbc5df16b5a872bc871e5f') in 0.237796 seconds 
  Import took 0.245075 seconds .

========================================================================
Received Import Request.
  Time since last request: 0.904866 seconds.
  path: Assets/Laboratory_Pack/!Prefabs_Props/Lab_Equipment/Props_4_MedPack.prefab
  artifactKey: Guid(840bfdbfc52fbf246991f8d8fd9c8858) Importer(815301076,1909f56bfc062723c751e8b465ee728b)
Start importing Assets/Laboratory_Pack/!Prefabs_Props/Lab_Equipment/Props_4_MedPack.prefab using Guid(840bfdbfc52fbf246991f8d8fd9c8858) Importer(815301076,1909f56bfc062723c751e8b465ee728b)  -> (artifact id: '03b9d37bb9ca106e284c80579f9d9e07') in 0.279815 seconds 
  Import took 0.292045 seconds .

========================================================================
Received Import Request.
  Time since last request: 0.000277 seconds.
  path: Assets/Laboratory_Pack/!Prefabs_Props/Lab_Equipment/Props_4_Freezer.prefab
  artifactKey: Guid(1e7c18c4ad784ab428f10d8683dd9d4b) Importer(815301076,1909f56bfc062723c751e8b465ee728b)
Start importing Assets/Laboratory_Pack/!Prefabs_Props/Lab_Equipment/Props_4_Freezer.prefab using Guid(1e7c18c4ad784ab428f10d8683dd9d4b) Importer(815301076,1909f56bfc062723c751e8b465ee728b)  -> (artifact id: 'b0984343ef1e1255bff5a6477d2406e4') in 0.199106 seconds 
  Import took 0.208902 seconds .

========================================================================
Received Import Request.
  Time since last request: 0.091020 seconds.
  path: Assets/Laboratory_Pack/!Prefabs_Props/Lab_Equipment/Ampule_Small.prefab
  artifactKey: Guid(6ed794dbe1c00f84ab20f1d864746d9b) Importer(815301076,1909f56bfc062723c751e8b465ee728b)
Start importing Assets/Laboratory_Pack/!Prefabs_Props/Lab_Equipment/Ampule_Small.prefab using Guid(6ed794dbe1c00f84ab20f1d864746d9b) Importer(815301076,1909f56bfc062723c751e8b465ee728b)  -> (artifact id: '7c84b85d44ffdc0cc33930974fe8b869') in 0.189094 seconds 
  Import took 0.197626 seconds .

========================================================================
Received Import Request.
  Time since last request: 0.075407 seconds.
  path: Assets/Laboratory_Pack/!Prefabs_Props/Lab_Equipment/Ampule_Medium.prefab
  artifactKey: Guid(59f30ff88c80b6d40aa86610128f32a7) Importer(815301076,1909f56bfc062723c751e8b465ee728b)
Start importing Assets/Laboratory_Pack/!Prefabs_Props/Lab_Equipment/Ampule_Medium.prefab using Guid(59f30ff88c80b6d40aa86610128f32a7) Importer(815301076,1909f56bfc062723c751e8b465ee728b)  -> (artifact id: 'afc3eaa121f25ee858f311e2664e783b') in 0.125500 seconds 
  Import took 0.134024 seconds .

========================================================================
Received Import Request.
  Time since last request: 0.183964 seconds.
  path: Assets/Laboratory_Pack/!Prefabs_Props/Lab_Equipment/Ampule_Large.prefab
  artifactKey: Guid(5b90bea45866b79408391aaf094aa03e) Importer(815301076,1909f56bfc062723c751e8b465ee728b)
Start importing Assets/Laboratory_Pack/!Prefabs_Props/Lab_Equipment/Ampule_Large.prefab using Guid(5b90bea45866b79408391aaf094aa03e) Importer(815301076,1909f56bfc062723c751e8b465ee728b)  -> (artifact id: '541168cc22b459f766364d19b4091d4d') in 0.115453 seconds 
  Import took 0.124159 seconds .

========================================================================
Received Import Request.
  Time since last request: 213.378287 seconds.
  path: Assets/my project/Prefabs/Objects/box
  artifactKey: Guid(4a8fa2a2ade54004788ca541a3db1a89) Importer(815301076,1909f56bfc062723c751e8b465ee728b)
Start importing Assets/my project/Prefabs/Objects/box using Guid(4a8fa2a2ade54004788ca541a3db1a89) Importer(815301076,1909f56bfc062723c751e8b465ee728b)  -> (artifact id: '6f189f21c0fd24cc50b1e78b8e6b8ea8') in 0.011871 seconds 
  Import took 0.021907 seconds .

========================================================================
Received Import Request.
  Time since last request: 15.008604 seconds.
  path: Assets/my project/Prefabs/Objects/box/Lootbox_01.obj
  artifactKey: Guid(d68195b74af9cf64182240365cb21891) Importer(815301076,1909f56bfc062723c751e8b465ee728b)
Start importing Assets/my project/Prefabs/Objects/box/Lootbox_01.obj using Guid(d68195b74af9cf64182240365cb21891) Importer(815301076,1909f56bfc062723c751e8b465ee728b)  -> (artifact id: 'b2175bdcd42126a29c07f412a564eb21') in 0.351688 seconds 
  Import took 0.358995 seconds .

========================================================================
Received Import Request.
  Time since last request: 29.839837 seconds.
  path: Assets/my project/Prefabs/Objects/box/textures
  artifactKey: Guid(a9e4d2ef2cf547f4aadd03671c8d4a6e) Importer(815301076,1909f56bfc062723c751e8b465ee728b)
Start importing Assets/my project/Prefabs/Objects/box/textures using Guid(a9e4d2ef2cf547f4aadd03671c8d4a6e) Importer(815301076,1909f56bfc062723c751e8b465ee728b)  -> (artifact id: '2ceced98c1e3d37a6f3309d18506f9da') in 0.013360 seconds 
  Import took 0.023789 seconds .

========================================================================
Received Import Request.
  Time since last request: 22.564914 seconds.
  path: Assets/my project/Prefabs/Objects/box/textures/metall.png
  artifactKey: Guid(98b3a47f5a8dd7f499b7e25fa3aeec94) Importer(815301076,1909f56bfc062723c751e8b465ee728b)
Start importing Assets/my project/Prefabs/Objects/box/textures/metall.png using Guid(98b3a47f5a8dd7f499b7e25fa3aeec94) Importer(815301076,1909f56bfc062723c751e8b465ee728b)  -> (artifact id: 'ef03d49493e1cb790eb1073631897169') in 0.045148 seconds 
  Import took 0.053101 seconds .

========================================================================
Received Import Request.
  Time since last request: 0.605693 seconds.
  path: Assets/my project/Prefabs/Objects/box/textures/normal.png
  artifactKey: Guid(95a9118e26d44834ebd55ad4b4ad1f62) Importer(815301076,1909f56bfc062723c751e8b465ee728b)
Start importing Assets/my project/Prefabs/Objects/box/textures/normal.png using Guid(95a9118e26d44834ebd55ad4b4ad1f62) Importer(815301076,1909f56bfc062723c751e8b465ee728b)  -> (artifact id: 'f80eb5fa1c07268790d02a5704018dec') in 0.033783 seconds 
  Import took 0.041246 seconds .

========================================================================
Received Import Request.
  Time since last request: 9.180124 seconds.
  path: Assets/my project/Prefabs/Objects/box/materials
  artifactKey: Guid(6a687a96b88383f448b64af7005d0480) Importer(815301076,1909f56bfc062723c751e8b465ee728b)
Start importing Assets/my project/Prefabs/Objects/box/materials using Guid(6a687a96b88383f448b64af7005d0480) Importer(815301076,1909f56bfc062723c751e8b465ee728b)  -> (artifact id: '1ebdc942a1c1b3a4205d74a0a83edb10') in 0.007575 seconds 
  Import took 0.017154 seconds .

========================================================================
Received Import Request.
  Time since last request: 32.370961 seconds.
  path: Assets/my project/Prefabs/Objects/box/Lootbox_01.obj
  artifactKey: Guid(d68195b74af9cf64182240365cb21891) Importer(815301076,1909f56bfc062723c751e8b465ee728b)
Start importing Assets/my project/Prefabs/Objects/box/Lootbox_01.obj using Guid(d68195b74af9cf64182240365cb21891) Importer(815301076,1909f56bfc062723c751e8b465ee728b)  -> (artifact id: '3fde5fc44a0425a6cba51e4e89b1b277') in 0.393808 seconds 
  Import took 0.405536 seconds .

========================================================================
Received Import Request.
  Time since last request: 171.663619 seconds.
  path: Assets/my project/Prefabs/Objects/box/Lootbox_01.obj
  artifactKey: Guid(d68195b74af9cf64182240365cb21891) Importer(815301076,1909f56bfc062723c751e8b465ee728b)
Start importing Assets/my project/Prefabs/Objects/box/Lootbox_01.obj using Guid(d68195b74af9cf64182240365cb21891) Importer(815301076,1909f56bfc062723c751e8b465ee728b)  -> (artifact id: 'e54094a814a43a443df595637f50e407') in 0.166259 seconds 
  Import took 0.174482 seconds .

========================================================================
Received Import Request.
  Time since last request: 563.032038 seconds.
  path: Assets/my project/Prefabs/Objects/portal
  artifactKey: Guid(a1c63bb25b65cfe40816d14533a9d430) Importer(815301076,1909f56bfc062723c751e8b465ee728b)
Start importing Assets/my project/Prefabs/Objects/portal using Guid(a1c63bb25b65cfe40816d14533a9d430) Importer(815301076,1909f56bfc062723c751e8b465ee728b)  -> (artifact id: '03da0603aa9bed56200a226d91713777') in 0.013156 seconds 
  Import took 0.028018 seconds .

========================================================================
Received Import Request.
  Time since last request: 5.914172 seconds.
  path: Assets/my project/Prefabs/Objects/portal/portal_sketchfub.fbx
  artifactKey: Guid(c0f341c76dcee6f459b4b0345f4bfafc) Importer(815301076,1909f56bfc062723c751e8b465ee728b)
Start importing Assets/my project/Prefabs/Objects/portal/portal_sketchfub.fbx using Guid(c0f341c76dcee6f459b4b0345f4bfafc) Importer(815301076,1909f56bfc062723c751e8b465ee728b)  -> (artifact id: '6724056d0008c481519a094b3917c4c0') in 0.571503 seconds 
  Import took 0.580289 seconds .

========================================================================
Received Import Request.
  Time since last request: 5.638265 seconds.
  path: Assets/my project/Prefabs/Objects/portal/portal_sketchfub.fbx
  artifactKey: Guid(c0f341c76dcee6f459b4b0345f4bfafc) Importer(815301076,1909f56bfc062723c751e8b465ee728b)
Start importing Assets/my project/Prefabs/Objects/portal/portal_sketchfub.fbx using Guid(c0f341c76dcee6f459b4b0345f4bfafc) Importer(815301076,1909f56bfc062723c751e8b465ee728b)  -> (artifact id: '174dfd0909cecb433216aca3dfdb80b8') in 0.674799 seconds 
  Import took 0.682890 seconds .

AssetImportWorkerClient::OnTransportError - code=2 error=End of file
