Using pre-set license
Built from '2020.3/staging' branch; Version is '2020.3.20f1 (41c4e627c95f) revision 4310246'; Using compiler version '192528614'; Build Type 'Release'
OS: 'Windows 10 Home Single Language; OS build 19043.1288; Version 2009; 64bit' Language: 'en' Physical Memory: 3918 MB
BatchMode: 1, IsHumanControllingUs: 0, StartBugReporterOnCrash: 0, Is64bit: 1, IsPro: 0

COMMAND LINE ARGUMENTS:
C:\Program Files\Unity\Hub\Editor\2020.3.20f1\Editor\Unity.exe
-adb2
-batchMode
-noUpm
-name
AssetImportWorker1
-projectPath
C:/Users/ASUS-A407M/Documents/GitHub/game rpg #2
-logFile
Logs/AssetImportWorker1.log
-srvPort
63181
Successfully changed project path to: C:/Users/ASUS-A407M/Documents/GitHub/game rpg #2
C:/Users/ASUS-A407M/Documents/GitHub/game rpg #2
Using Asset Import Pipeline V2.
Refreshing native plugins compatible for Editor in 1099.14 ms, found 2 plugins.
Preloading 0 native plugins for Editor in 0.00 ms.
Initialize engine version: 2020.3.20f1 (41c4e627c95f)
[Subsystems] Discovering subsystems at path C:/Program Files/Unity/Hub/Editor/2020.3.20f1/Editor/Data/Resources/UnitySubsystems
[Subsystems] Discovering subsystems at path C:/Users/ASUS-A407M/Documents/GitHub/game rpg #2/Assets
GfxDevice: creating device client; threaded=0
Direct3D:
    Version:  Direct3D 11.0 [level 11.1]
    Renderer: Intel(R) UHD Graphics 600 (ID=0x3185)
    Vendor:   
    VRAM:     1959 MB
    Driver:   27.20.100.8681
Initialize mono
Mono path[0] = 'C:/Program Files/Unity/Hub/Editor/2020.3.20f1/Editor/Data/Managed'
Mono path[1] = 'C:/Program Files/Unity/Hub/Editor/2020.3.20f1/Editor/Data/MonoBleedingEdge/lib/mono/unityjit'
Mono config path = 'C:/Program Files/Unity/Hub/Editor/2020.3.20f1/Editor/Data/MonoBleedingEdge/etc'
Using monoOptions --debugger-agent=transport=dt_socket,embedding=1,server=y,suspend=n,address=127.0.0.1:56976
Begin MonoManager ReloadAssembly
Registering precompiled unity dll's ...
Register platform support module: C:/Program Files/Unity/Hub/Editor/2020.3.20f1/Editor/Data/PlaybackEngines/WindowsStandaloneSupport/UnityEditor.WindowsStandalone.Extensions.dll
Registered in 0.026255 seconds.
Native extension for WindowsStandalone target not found
Refreshing native plugins compatible for Editor in 269.44 ms, found 2 plugins.
Preloading 0 native plugins for Editor in 0.00 ms.
Mono: successfully reloaded assembly
- Completed reload, in  9.231 seconds
Domain Reload Profiling:
	ReloadAssembly (9235ms)
		BeginReloadAssembly (616ms)
			ExecutionOrderSort (0ms)
			DisableScriptedObjects (0ms)
			BackupInstance (0ms)
			ReleaseScriptingObjects (0ms)
			CreateAndSetChildDomain (2ms)
		EndReloadAssembly (2127ms)
			LoadAssemblies (592ms)
			RebuildTransferFunctionScriptingTraits (1ms)
			SetupTypeCache (443ms)
			ReleaseScriptCaches (0ms)
			RebuildScriptCaches (102ms)
			SetupLoadedEditorAssemblies (1402ms)
				LogAssemblyErrors (0ms)
				InitializePlatformSupportModulesInManaged (11ms)
				SetLoadedEditorAssemblies (1ms)
				RefreshPlugins (270ms)
				BeforeProcessingInitializeOnLoad (33ms)
				ProcessInitializeOnLoadAttributes (220ms)
				ProcessInitializeOnLoadMethodAttributes (867ms)
				AfterProcessingInitializeOnLoad (0ms)
				EditorAssembliesLoaded (0ms)
			ExecutionOrderSort2 (0ms)
			AwakeInstancesAfterBackupRestoration (0ms)
Platform modules already initialized, skipping
Registering precompiled user dll's ...
Registered in 0.025066 seconds.
Begin MonoManager ReloadAssembly
Native extension for WindowsStandalone target not found
Refreshing native plugins compatible for Editor in 238.11 ms, found 2 plugins.
Preloading 0 native plugins for Editor in 0.00 ms.
Mono: successfully reloaded assembly
- Completed reload, in  4.321 seconds
Domain Reload Profiling:
	ReloadAssembly (4324ms)
		BeginReloadAssembly (430ms)
			ExecutionOrderSort (0ms)
			DisableScriptedObjects (12ms)
			BackupInstance (0ms)
			ReleaseScriptingObjects (1ms)
			CreateAndSetChildDomain (48ms)
		EndReloadAssembly (3556ms)
			LoadAssemblies (324ms)
			RebuildTransferFunctionScriptingTraits (0ms)
			SetupTypeCache (1136ms)
			ReleaseScriptCaches (2ms)
			RebuildScriptCaches (224ms)
			SetupLoadedEditorAssemblies (1602ms)
				LogAssemblyErrors (0ms)
				InitializePlatformSupportModulesInManaged (11ms)
				SetLoadedEditorAssemblies (0ms)
				RefreshPlugins (238ms)
				BeforeProcessingInitializeOnLoad (219ms)
				ProcessInitializeOnLoadAttributes (1102ms)
				ProcessInitializeOnLoadMethodAttributes (13ms)
				AfterProcessingInitializeOnLoad (17ms)
				EditorAssembliesLoaded (1ms)
			ExecutionOrderSort2 (0ms)
			AwakeInstancesAfterBackupRestoration (17ms)
Platform modules already initialized, skipping
========================================================================
Worker process is ready to serve import requests
Launched and connected shader compiler UnityShaderCompiler.exe after 0.13 seconds
Refreshing native plugins compatible for Editor in 2.30 ms, found 2 plugins.
Preloading 0 native plugins for Editor in 0.00 ms.
Unloading 3084 Unused Serialized files (Serialized files now loaded: 0)
System memory in use before: 132.9 MB.
System memory in use after: 133.1 MB.

Unloading 19 unused Assets to reduce memory usage. Loaded Objects now: 3547.
Total: 10.602900 ms (FindLiveObjects: 0.907000 ms CreateObjectMapping: 0.261300 ms MarkObjects: 9.154900 ms  DeleteObjects: 0.276700 ms)

AssetImportParameters requested are different than current active one (requested -> active):
  custom:framework-win-MediaFoundation: 216162199b28c13a410421893ffa2e32 -> 
  custom:video-decoder-ogg-theora: a1e56fd34408186e4bbccfd4996cb3dc -> 
  custom:container-muxer-webm: aa71ff27fc2769a1b78a27578f13a17b -> 
  custom:container-demuxer-webm: 4f35f7cbe854078d1ac9338744f61a02 -> 
  custom:container-demuxer-ogg: 62fdf1f143b41e24485cea50d1cbac27 -> 
  custom:video-encoder-webm-vp8: eb34c28f22e8b96e1ab97ce403110664 -> 
  custom:video-decoder-webm-vp8: 9c59270c3fd7afecdb556c50c9e8de78 -> 
  custom:audio-decoder-ogg-vorbis: bf7c407c2cedff20999df2af8eb42d56 -> 
  custom:audio-encoder-webm-vorbis: bf7c407c2cedff20999df2af8eb42d56 -> 
========================================================================
Received Import Request.
  path: Assets/Plugins/Pixel Crushers/Dialogue System/Demo/Data/Demo Database.asset
  artifactKey: Guid(c1cc03cd82f6cdb40afbc0575be25564) Importer(815301076,1909f56bfc062723c751e8b465ee728b)
Start importing Assets/Plugins/Pixel Crushers/Dialogue System/Demo/Data/Demo Database.asset using Guid(c1cc03cd82f6cdb40afbc0575be25564) Importer(815301076,1909f56bfc062723c751e8b465ee728b)  -> (artifact id: '7926b7b6e659a0cebc8cabc3b4fcd87f') in 0.167011 seconds 
  Import took 0.190088 seconds .

========================================================================
Received Import Request.
  Time since last request: 0.475024 seconds.
  path: Assets/my project/Scenes/SampleScene.unity
  artifactKey: Guid(9fc0d4010bbf28b4594072e72b8655ab) Importer(815301076,1909f56bfc062723c751e8b465ee728b)
Start importing Assets/my project/Scenes/SampleScene.unity using Guid(9fc0d4010bbf28b4594072e72b8655ab) Importer(815301076,1909f56bfc062723c751e8b465ee728b)  -> (artifact id: '93c54eaa836a7d23cda129fb686e22f3') in 0.005475 seconds 
  Import took 0.018452 seconds .

========================================================================
Received Import Request.
  Time since last request: 1171.834404 seconds.
  path: Assets/my project/Animations/ybot@Idle.fbx
  artifactKey: Guid(4aa7f859ec2391548878b47f0a29ecf4) Importer(815301076,1909f56bfc062723c751e8b465ee728b)
Start importing Assets/my project/Animations/ybot@Idle.fbx using Guid(4aa7f859ec2391548878b47f0a29ecf4) Importer(815301076,1909f56bfc062723c751e8b465ee728b)  -> (artifact id: '8b32eb31f661c7a4947a95afb4812c9e') in 0.192223 seconds 
  Import took 0.393028 seconds .

========================================================================
Received Import Request.
  Time since last request: 5.472297 seconds.
  path: Assets/my project/Animations/ybot@Idle.fbx
  artifactKey: Guid(4aa7f859ec2391548878b47f0a29ecf4) Importer(815301076,1909f56bfc062723c751e8b465ee728b)
Start importing Assets/my project/Animations/ybot@Idle.fbx using Guid(4aa7f859ec2391548878b47f0a29ecf4) Importer(815301076,1909f56bfc062723c751e8b465ee728b)  -> (artifact id: 'dd0575bd80061e959a37a7b6c41323d8') in 0.079502 seconds 
  Import took 0.092710 seconds .

========================================================================
Received Import Request.
  Time since last request: 162.861890 seconds.
  path: Assets/my project/Animations/ybot@Idle.fbx
  artifactKey: Guid(4aa7f859ec2391548878b47f0a29ecf4) Importer(815301076,1909f56bfc062723c751e8b465ee728b)
Start importing Assets/my project/Animations/ybot@Idle.fbx using Guid(4aa7f859ec2391548878b47f0a29ecf4) Importer(815301076,1909f56bfc062723c751e8b465ee728b)  -> (artifact id: '749f5dd8b01d056674878a345675a39e') in 0.028420 seconds 
  Import took 0.091545 seconds .

========================================================================
Received Import Request.
  Time since last request: 6.534224 seconds.
  path: Assets/my project/Animations/New Flare.flare
  artifactKey: Guid(abd494a513391b84193fc1c6160e7001) Importer(815301076,1909f56bfc062723c751e8b465ee728b)
Start importing Assets/my project/Animations/New Flare.flare using Guid(abd494a513391b84193fc1c6160e7001) Importer(815301076,1909f56bfc062723c751e8b465ee728b)  -> (artifact id: '49f15c39d279e4e296775d38fd1b5290') in 0.033618 seconds 
  Import took 0.051905 seconds .

========================================================================
Received Import Request.
  Time since last request: 20.958024 seconds.
  path: Assets/my project/Animations/npc.controller
  artifactKey: Guid(b205ae89d57ced743b2a38e0e4a25a4f) Importer(815301076,1909f56bfc062723c751e8b465ee728b)
Start importing Assets/my project/Animations/npc.controller using Guid(b205ae89d57ced743b2a38e0e4a25a4f) Importer(815301076,1909f56bfc062723c751e8b465ee728b)  -> (artifact id: 'b3d83c2ba739660ded0d6861a8070b53') in 0.036953 seconds 
  Import took 0.051196 seconds .

========================================================================
Received Prepare
Registering precompiled user dll's ...
Registered in 0.011198 seconds.
Begin MonoManager ReloadAssembly
Native extension for WindowsStandalone target not found
Refreshing native plugins compatible for Editor in 2.51 ms, found 2 plugins.
Preloading 0 native plugins for Editor in 0.00 ms.
Mono: successfully reloaded assembly
- Completed reload, in  7.043 seconds
Domain Reload Profiling:
	ReloadAssembly (7049ms)
		BeginReloadAssembly (944ms)
			ExecutionOrderSort (1ms)
			DisableScriptedObjects (57ms)
			BackupInstance (0ms)
			ReleaseScriptingObjects (1ms)
			CreateAndSetChildDomain (508ms)
		EndReloadAssembly (5787ms)
			LoadAssemblies (463ms)
			RebuildTransferFunctionScriptingTraits (0ms)
			SetupTypeCache (2519ms)
			ReleaseScriptCaches (14ms)
			RebuildScriptCaches (359ms)
			SetupLoadedEditorAssemblies (2024ms)
				LogAssemblyErrors (0ms)
				InitializePlatformSupportModulesInManaged (27ms)
				SetLoadedEditorAssemblies (1ms)
				RefreshPlugins (3ms)
				BeforeProcessingInitializeOnLoad (398ms)
				ProcessInitializeOnLoadAttributes (1550ms)
				ProcessInitializeOnLoadMethodAttributes (12ms)
				AfterProcessingInitializeOnLoad (32ms)
				EditorAssembliesLoaded (1ms)
			ExecutionOrderSort2 (0ms)
			AwakeInstancesAfterBackupRestoration (38ms)
Platform modules already initialized, skipping
Refreshing native plugins compatible for Editor in 2.33 ms, found 2 plugins.
Preloading 0 native plugins for Editor in 0.00 ms.
Unloading 3078 Unused Serialized files (Serialized files now loaded: 0)
System memory in use before: 133.1 MB.
System memory in use after: 133.3 MB.

Unloading 13 unused Assets to reduce memory usage. Loaded Objects now: 3549.
Total: 18.994900 ms (FindLiveObjects: 1.217300 ms CreateObjectMapping: 0.277700 ms MarkObjects: 8.503100 ms  DeleteObjects: 8.992900 ms)

AssetImportParameters requested are different than current active one (requested -> active):
  custom:framework-win-MediaFoundation: 216162199b28c13a410421893ffa2e32 -> 
  custom:video-decoder-ogg-theora: a1e56fd34408186e4bbccfd4996cb3dc -> 
  custom:container-muxer-webm: aa71ff27fc2769a1b78a27578f13a17b -> 
  custom:container-demuxer-webm: 4f35f7cbe854078d1ac9338744f61a02 -> 
  custom:container-demuxer-ogg: 62fdf1f143b41e24485cea50d1cbac27 -> 
  custom:video-encoder-webm-vp8: eb34c28f22e8b96e1ab97ce403110664 -> 
  custom:video-decoder-webm-vp8: 9c59270c3fd7afecdb556c50c9e8de78 -> 
  custom:audio-decoder-ogg-vorbis: bf7c407c2cedff20999df2af8eb42d56 -> 
  custom:audio-encoder-webm-vorbis: bf7c407c2cedff20999df2af8eb42d56 -> 
========================================================================
Received Import Request.
  Time since last request: 254.996207 seconds.
  path: Assets/my project/Animations/ybot@Talking (1).fbx
  artifactKey: Guid(98ca46e885a21e0479bb87b3ccf9e47a) Importer(815301076,1909f56bfc062723c751e8b465ee728b)
Start importing Assets/my project/Animations/ybot@Talking (1).fbx using Guid(98ca46e885a21e0479bb87b3ccf9e47a) Importer(815301076,1909f56bfc062723c751e8b465ee728b)  -> (artifact id: 'cece775d50207698346498c28f17e5e0') in 0.122787 seconds 
  Import took 0.162815 seconds .

========================================================================
Received Import Request.
  Time since last request: 6.661123 seconds.
  path: Assets/my project/Animations/ybot@Talking.fbx
  artifactKey: Guid(98ca46e885a21e0479bb87b3ccf9e47a) Importer(815301076,1909f56bfc062723c751e8b465ee728b)
Start importing Assets/my project/Animations/ybot@Talking.fbx using Guid(98ca46e885a21e0479bb87b3ccf9e47a) Importer(815301076,1909f56bfc062723c751e8b465ee728b)  -> (artifact id: 'a49b4efaf30ef228e1716d2f388a17ed') in 0.049122 seconds 
  Import took 0.065354 seconds .

========================================================================
Received Import Request.
  Time since last request: 7.864136 seconds.
  path: Assets/my project/Animations/ybot@Talking.fbx
  artifactKey: Guid(98ca46e885a21e0479bb87b3ccf9e47a) Importer(815301076,1909f56bfc062723c751e8b465ee728b)
Start importing Assets/my project/Animations/ybot@Talking.fbx using Guid(98ca46e885a21e0479bb87b3ccf9e47a) Importer(815301076,1909f56bfc062723c751e8b465ee728b)  -> (artifact id: 'ecc40833050b2983100645f51e53b727') in 0.065731 seconds 
  Import took 0.095265 seconds .

========================================================================
Received Import Request.
  Time since last request: 402.939720 seconds.
  path: Assets/my project/Animations/npc.controller
  artifactKey: Guid(b205ae89d57ced743b2a38e0e4a25a4f) Importer(815301076,1909f56bfc062723c751e8b465ee728b)
Start importing Assets/my project/Animations/npc.controller using Guid(b205ae89d57ced743b2a38e0e4a25a4f) Importer(815301076,1909f56bfc062723c751e8b465ee728b)  -> (artifact id: '6689c31e578a4069643e9dbfddfab219') in 0.075665 seconds 
  Import took 0.099080 seconds .

========================================================================
Received Import Request.
  Time since last request: 0.000523 seconds.
  path: Assets/my project/Animations/ybot@Talking.fbx
  artifactKey: Guid(98ca46e885a21e0479bb87b3ccf9e47a) Importer(815301076,1909f56bfc062723c751e8b465ee728b)
Start importing Assets/my project/Animations/ybot@Talking.fbx using Guid(98ca46e885a21e0479bb87b3ccf9e47a) Importer(815301076,1909f56bfc062723c751e8b465ee728b)  -> (artifact id: 'e07ce10ea50bdf51495bda8b4200e208') in 0.058656 seconds 
  Import took 0.081337 seconds .

========================================================================
Received Import Request.
  Time since last request: 430.491000 seconds.
  path: Assets/my project/Animations/idle.controller
  artifactKey: Guid(b205ae89d57ced743b2a38e0e4a25a4f) Importer(815301076,1909f56bfc062723c751e8b465ee728b)
Start importing Assets/my project/Animations/idle.controller using Guid(b205ae89d57ced743b2a38e0e4a25a4f) Importer(815301076,1909f56bfc062723c751e8b465ee728b)  -> (artifact id: 'bb2d727fb7a751db8a1804a56fce63bf') in 0.013772 seconds 
  Import took 0.033400 seconds .

========================================================================
Received Import Request.
  Time since last request: 15.534840 seconds.
  path: Assets/my project/Animations/talk.controller
  artifactKey: Guid(535e345e1a449ef46ae0c99ad06da9de) Importer(815301076,1909f56bfc062723c751e8b465ee728b)
Start importing Assets/my project/Animations/talk.controller using Guid(535e345e1a449ef46ae0c99ad06da9de) Importer(815301076,1909f56bfc062723c751e8b465ee728b)  -> (artifact id: '1e8c7c86c7f0c36220aaef6df5822333') in 0.014267 seconds 
  Import took 0.028957 seconds .

========================================================================
Received Prepare
Registering precompiled user dll's ...
Registered in 0.010117 seconds.
Begin MonoManager ReloadAssembly
Native extension for WindowsStandalone target not found
Refreshing native plugins compatible for Editor in 2.45 ms, found 2 plugins.
Preloading 0 native plugins for Editor in 0.00 ms.
Mono: successfully reloaded assembly
- Completed reload, in  3.299 seconds
Domain Reload Profiling:
	ReloadAssembly (3301ms)
		BeginReloadAssembly (387ms)
			ExecutionOrderSort (0ms)
			DisableScriptedObjects (14ms)
			BackupInstance (0ms)
			ReleaseScriptingObjects (0ms)
			CreateAndSetChildDomain (174ms)
		EndReloadAssembly (2729ms)
			LoadAssemblies (248ms)
			RebuildTransferFunctionScriptingTraits (1ms)
			SetupTypeCache (951ms)
			ReleaseScriptCaches (5ms)
			RebuildScriptCaches (215ms)
			SetupLoadedEditorAssemblies (1077ms)
				LogAssemblyErrors (0ms)
				InitializePlatformSupportModulesInManaged (12ms)
				SetLoadedEditorAssemblies (1ms)
				RefreshPlugins (3ms)
				BeforeProcessingInitializeOnLoad (206ms)
				ProcessInitializeOnLoadAttributes (829ms)
				ProcessInitializeOnLoadMethodAttributes (10ms)
				AfterProcessingInitializeOnLoad (17ms)
				EditorAssembliesLoaded (1ms)
			ExecutionOrderSort2 (0ms)
			AwakeInstancesAfterBackupRestoration (15ms)
Platform modules already initialized, skipping
Refreshing native plugins compatible for Editor in 2.89 ms, found 2 plugins.
Preloading 0 native plugins for Editor in 0.00 ms.
Unloading 3078 Unused Serialized files (Serialized files now loaded: 0)
System memory in use before: 133.2 MB.
System memory in use after: 133.4 MB.

Unloading 13 unused Assets to reduce memory usage. Loaded Objects now: 3551.
Total: 9.714100 ms (FindLiveObjects: 1.013900 ms CreateObjectMapping: 0.204000 ms MarkObjects: 8.446500 ms  DeleteObjects: 0.046500 ms)

AssetImportParameters requested are different than current active one (requested -> active):
  custom:framework-win-MediaFoundation: 216162199b28c13a410421893ffa2e32 -> 
  custom:video-decoder-ogg-theora: a1e56fd34408186e4bbccfd4996cb3dc -> 
  custom:container-muxer-webm: aa71ff27fc2769a1b78a27578f13a17b -> 
  custom:container-demuxer-webm: 4f35f7cbe854078d1ac9338744f61a02 -> 
  custom:container-demuxer-ogg: 62fdf1f143b41e24485cea50d1cbac27 -> 
  custom:video-encoder-webm-vp8: eb34c28f22e8b96e1ab97ce403110664 -> 
  custom:video-decoder-webm-vp8: 9c59270c3fd7afecdb556c50c9e8de78 -> 
  custom:audio-decoder-ogg-vorbis: bf7c407c2cedff20999df2af8eb42d56 -> 
  custom:audio-encoder-webm-vorbis: bf7c407c2cedff20999df2af8eb42d56 -> 
========================================================================
Received Prepare
Registering precompiled user dll's ...
Registered in 0.008879 seconds.
Begin MonoManager ReloadAssembly
Native extension for WindowsStandalone target not found
Refreshing native plugins compatible for Editor in 2.27 ms, found 2 plugins.
Preloading 0 native plugins for Editor in 0.00 ms.
Mono: successfully reloaded assembly
- Completed reload, in  3.004 seconds
Domain Reload Profiling:
	ReloadAssembly (3005ms)
		BeginReloadAssembly (232ms)
			ExecutionOrderSort (0ms)
			DisableScriptedObjects (9ms)
			BackupInstance (0ms)
			ReleaseScriptingObjects (0ms)
			CreateAndSetChildDomain (81ms)
		EndReloadAssembly (2624ms)
			LoadAssemblies (187ms)
			RebuildTransferFunctionScriptingTraits (0ms)
			SetupTypeCache (814ms)
			ReleaseScriptCaches (5ms)
			RebuildScriptCaches (186ms)
			SetupLoadedEditorAssemblies (1124ms)
				LogAssemblyErrors (0ms)
				InitializePlatformSupportModulesInManaged (13ms)
				SetLoadedEditorAssemblies (1ms)
				RefreshPlugins (2ms)
				BeforeProcessingInitializeOnLoad (219ms)
				ProcessInitializeOnLoadAttributes (861ms)
				ProcessInitializeOnLoadMethodAttributes (11ms)
				AfterProcessingInitializeOnLoad (16ms)
				EditorAssembliesLoaded (1ms)
			ExecutionOrderSort2 (0ms)
			AwakeInstancesAfterBackupRestoration (16ms)
Platform modules already initialized, skipping
Refreshing native plugins compatible for Editor in 2.52 ms, found 2 plugins.
Preloading 0 native plugins for Editor in 0.00 ms.
Unloading 3078 Unused Serialized files (Serialized files now loaded: 0)
System memory in use before: 133.2 MB.
System memory in use after: 133.4 MB.

Unloading 13 unused Assets to reduce memory usage. Loaded Objects now: 3553.
Total: 17.672900 ms (FindLiveObjects: 1.608400 ms CreateObjectMapping: 0.512100 ms MarkObjects: 15.502200 ms  DeleteObjects: 0.045100 ms)

AssetImportParameters requested are different than current active one (requested -> active):
  custom:framework-win-MediaFoundation: 216162199b28c13a410421893ffa2e32 -> 
  custom:video-decoder-ogg-theora: a1e56fd34408186e4bbccfd4996cb3dc -> 
  custom:container-muxer-webm: aa71ff27fc2769a1b78a27578f13a17b -> 
  custom:container-demuxer-webm: 4f35f7cbe854078d1ac9338744f61a02 -> 
  custom:container-demuxer-ogg: 62fdf1f143b41e24485cea50d1cbac27 -> 
  custom:video-encoder-webm-vp8: eb34c28f22e8b96e1ab97ce403110664 -> 
  custom:video-decoder-webm-vp8: 9c59270c3fd7afecdb556c50c9e8de78 -> 
  custom:audio-decoder-ogg-vorbis: bf7c407c2cedff20999df2af8eb42d56 -> 
  custom:audio-encoder-webm-vorbis: bf7c407c2cedff20999df2af8eb42d56 -> 
========================================================================
Received Prepare
Registering precompiled user dll's ...
Registered in 0.009113 seconds.
Begin MonoManager ReloadAssembly
Native extension for WindowsStandalone target not found
Refreshing native plugins compatible for Editor in 2.92 ms, found 2 plugins.
Preloading 0 native plugins for Editor in 0.00 ms.
Mono: successfully reloaded assembly
- Completed reload, in  4.286 seconds
Domain Reload Profiling:
	ReloadAssembly (4288ms)
		BeginReloadAssembly (643ms)
			ExecutionOrderSort (0ms)
			DisableScriptedObjects (8ms)
			BackupInstance (0ms)
			ReleaseScriptingObjects (0ms)
			CreateAndSetChildDomain (222ms)
		EndReloadAssembly (2946ms)
			LoadAssemblies (469ms)
			RebuildTransferFunctionScriptingTraits (0ms)
			SetupTypeCache (868ms)
			ReleaseScriptCaches (5ms)
			RebuildScriptCaches (196ms)
			SetupLoadedEditorAssemblies (1293ms)
				LogAssemblyErrors (0ms)
				InitializePlatformSupportModulesInManaged (13ms)
				SetLoadedEditorAssemblies (1ms)
				RefreshPlugins (3ms)
				BeforeProcessingInitializeOnLoad (218ms)
				ProcessInitializeOnLoadAttributes (1032ms)
				ProcessInitializeOnLoadMethodAttributes (9ms)
				AfterProcessingInitializeOnLoad (16ms)
				EditorAssembliesLoaded (1ms)
			ExecutionOrderSort2 (0ms)
			AwakeInstancesAfterBackupRestoration (27ms)
Platform modules already initialized, skipping
Refreshing native plugins compatible for Editor in 2.17 ms, found 2 plugins.
Preloading 0 native plugins for Editor in 0.00 ms.
Unloading 3078 Unused Serialized files (Serialized files now loaded: 0)
System memory in use before: 133.2 MB.
System memory in use after: 133.4 MB.

Unloading 13 unused Assets to reduce memory usage. Loaded Objects now: 3555.
Total: 12.039900 ms (FindLiveObjects: 0.851600 ms CreateObjectMapping: 0.207600 ms MarkObjects: 10.924900 ms  DeleteObjects: 0.052600 ms)

AssetImportParameters requested are different than current active one (requested -> active):
  custom:framework-win-MediaFoundation: 216162199b28c13a410421893ffa2e32 -> 
  custom:video-decoder-ogg-theora: a1e56fd34408186e4bbccfd4996cb3dc -> 
  custom:container-muxer-webm: aa71ff27fc2769a1b78a27578f13a17b -> 
  custom:container-demuxer-webm: 4f35f7cbe854078d1ac9338744f61a02 -> 
  custom:container-demuxer-ogg: 62fdf1f143b41e24485cea50d1cbac27 -> 
  custom:video-encoder-webm-vp8: eb34c28f22e8b96e1ab97ce403110664 -> 
  custom:video-decoder-webm-vp8: 9c59270c3fd7afecdb556c50c9e8de78 -> 
  custom:audio-decoder-ogg-vorbis: bf7c407c2cedff20999df2af8eb42d56 -> 
  custom:audio-encoder-webm-vorbis: bf7c407c2cedff20999df2af8eb42d56 -> 
========================================================================
Received Import Request.
  Time since last request: 826.619759 seconds.
  path: Assets/my project/Animations/idle.controller
  artifactKey: Guid(b205ae89d57ced743b2a38e0e4a25a4f) Importer(815301076,1909f56bfc062723c751e8b465ee728b)
Start importing Assets/my project/Animations/idle.controller using Guid(b205ae89d57ced743b2a38e0e4a25a4f) Importer(815301076,1909f56bfc062723c751e8b465ee728b)  -> (artifact id: 'e00294dd6184e313d2f9fcd359e33c28') in 0.055756 seconds 
  Import took 0.069352 seconds .

