Using pre-set license
Built from '2020.3/staging' branch; Version is '2020.3.20f1 (41c4e627c95f) revision 4310246'; Using compiler version '192528614'; Build Type 'Release'
OS: 'Windows 10 Pro; OS build 19042.1348; Version 2009; 64bit' Language: 'en' Physical Memory: 8083 MB
BatchMode: 1, IsHumanControllingUs: 0, StartBugReporterOnCrash: 0, Is64bit: 1, IsPro: 0

COMMAND LINE ARGUMENTS:
C:\Program Files\Unity\Hub\Editor\2020.3.20f1\Editor\Unity.exe
-adb2
-batchMode
-noUpm
-name
AssetImportWorker0
-projectPath
C:/Users/UTAMA/Documents/GitHub/game-rpg-2
-logFile
Logs/AssetImportWorker0.log
-srvPort
61293
Successfully changed project path to: C:/Users/UTAMA/Documents/GitHub/game-rpg-2
C:/Users/UTAMA/Documents/GitHub/game-rpg-2
Using Asset Import Pipeline V2.
Refreshing native plugins compatible for Editor in 130.45 ms, found 2 plugins.
Preloading 0 native plugins for Editor in 0.00 ms.
Initialize engine version: 2020.3.20f1 (41c4e627c95f)
[Subsystems] Discovering subsystems at path C:/Program Files/Unity/Hub/Editor/2020.3.20f1/Editor/Data/Resources/UnitySubsystems
[Subsystems] Discovering subsystems at path C:/Users/UTAMA/Documents/GitHub/game-rpg-2/Assets
GfxDevice: creating device client; threaded=0
Direct3D:
    Version:  Direct3D 11.0 [level 11.1]
    Renderer: Intel(R) HD Graphics 630 (ID=0x5912)
    Vendor:   
    VRAM:     4041 MB
    Driver:   27.20.100.8681
Initialize mono
Mono path[0] = 'C:/Program Files/Unity/Hub/Editor/2020.3.20f1/Editor/Data/Managed'
Mono path[1] = 'C:/Program Files/Unity/Hub/Editor/2020.3.20f1/Editor/Data/MonoBleedingEdge/lib/mono/unityjit'
Mono config path = 'C:/Program Files/Unity/Hub/Editor/2020.3.20f1/Editor/Data/MonoBleedingEdge/etc'
Using monoOptions --debugger-agent=transport=dt_socket,embedding=1,server=y,suspend=n,address=127.0.0.1:56376
Begin MonoManager ReloadAssembly
Registering precompiled unity dll's ...
Register platform support module: C:/Program Files/Unity/Hub/Editor/2020.3.20f1/Editor/Data/PlaybackEngines/WindowsStandaloneSupport/UnityEditor.WindowsStandalone.Extensions.dll
Registered in 0.002496 seconds.
Native extension for WindowsStandalone target not found
Refreshing native plugins compatible for Editor in 135.61 ms, found 2 plugins.
Preloading 0 native plugins for Editor in 0.00 ms.
Mono: successfully reloaded assembly
- Completed reload, in  7.180 seconds
Domain Reload Profiling:
	ReloadAssembly (7181ms)
		BeginReloadAssembly (60ms)
			ExecutionOrderSort (0ms)
			DisableScriptedObjects (0ms)
			BackupInstance (0ms)
			ReleaseScriptingObjects (0ms)
			CreateAndSetChildDomain (1ms)
		EndReloadAssembly (527ms)
			LoadAssemblies (58ms)
			RebuildTransferFunctionScriptingTraits (0ms)
			SetupTypeCache (167ms)
			ReleaseScriptCaches (0ms)
			RebuildScriptCaches (32ms)
			SetupLoadedEditorAssemblies (262ms)
				LogAssemblyErrors (0ms)
				InitializePlatformSupportModulesInManaged (4ms)
				SetLoadedEditorAssemblies (0ms)
				RefreshPlugins (136ms)
				BeforeProcessingInitializeOnLoad (10ms)
				ProcessInitializeOnLoadAttributes (78ms)
				ProcessInitializeOnLoadMethodAttributes (32ms)
				AfterProcessingInitializeOnLoad (0ms)
				EditorAssembliesLoaded (0ms)
			ExecutionOrderSort2 (0ms)
			AwakeInstancesAfterBackupRestoration (0ms)
Platform modules already initialized, skipping
Registering precompiled user dll's ...
Registered in 0.003714 seconds.
Begin MonoManager ReloadAssembly
OnLevelWasLoaded was found on GameManager
This message has been deprecated and will be removed in a later version of Unity.
Add a delegate to SceneManager.sceneLoaded instead to get notifications after scene loading has completed
Native extension for WindowsStandalone target not found
Refreshing native plugins compatible for Editor in 135.72 ms, found 2 plugins.
Preloading 0 native plugins for Editor in 0.00 ms.
Mono: successfully reloaded assembly
- Completed reload, in  1.615 seconds
Domain Reload Profiling:
	ReloadAssembly (1617ms)
		BeginReloadAssembly (156ms)
			ExecutionOrderSort (0ms)
			DisableScriptedObjects (5ms)
			BackupInstance (0ms)
			ReleaseScriptingObjects (0ms)
			CreateAndSetChildDomain (19ms)
		EndReloadAssembly (1396ms)
			LoadAssemblies (100ms)
			RebuildTransferFunctionScriptingTraits (0ms)
			SetupTypeCache (344ms)
			ReleaseScriptCaches (1ms)
			RebuildScriptCaches (86ms)
			SetupLoadedEditorAssemblies (742ms)
				LogAssemblyErrors (0ms)
				InitializePlatformSupportModulesInManaged (4ms)
				SetLoadedEditorAssemblies (0ms)
				RefreshPlugins (136ms)
				BeforeProcessingInitializeOnLoad (66ms)
				ProcessInitializeOnLoadAttributes (519ms)
				ProcessInitializeOnLoadMethodAttributes (7ms)
				AfterProcessingInitializeOnLoad (9ms)
				EditorAssembliesLoaded (1ms)
			ExecutionOrderSort2 (0ms)
			AwakeInstancesAfterBackupRestoration (9ms)
Platform modules already initialized, skipping
========================================================================
Worker process is ready to serve import requests
Launched and connected shader compiler UnityShaderCompiler.exe after 0.10 seconds
Refreshing native plugins compatible for Editor in 1.13 ms, found 2 plugins.
Preloading 0 native plugins for Editor in 0.00 ms.
Unloading 3257 Unused Serialized files (Serialized files now loaded: 0)
System memory in use before: 214.0 MB.
System memory in use after: 214.2 MB.

Unloading 20 unused Assets to reduce memory usage. Loaded Objects now: 3727.
Total: 4.013400 ms (FindLiveObjects: 0.440100 ms CreateObjectMapping: 0.338700 ms MarkObjects: 3.096100 ms  DeleteObjects: 0.136900 ms)

AssetImportParameters requested are different than current active one (requested -> active):
  custom:framework-win-MediaFoundation: 216162199b28c13a410421893ffa2e32 -> 
  custom:video-decoder-ogg-theora: a1e56fd34408186e4bbccfd4996cb3dc -> 
  custom:container-muxer-webm: aa71ff27fc2769a1b78a27578f13a17b -> 
  custom:container-demuxer-webm: 4f35f7cbe854078d1ac9338744f61a02 -> 
  custom:container-demuxer-ogg: 62fdf1f143b41e24485cea50d1cbac27 -> 
  custom:video-encoder-webm-vp8: eb34c28f22e8b96e1ab97ce403110664 -> 
  custom:video-decoder-webm-vp8: 9c59270c3fd7afecdb556c50c9e8de78 -> 
  custom:audio-decoder-ogg-vorbis: bf7c407c2cedff20999df2af8eb42d56 -> 
  custom:audio-encoder-webm-vorbis: bf7c407c2cedff20999df2af8eb42d56 -> 
========================================================================
Received Import Request.
  path: Assets/Pack_AncienEgypt/DemoScene/Ancient_Egypt_U5.unity
  artifactKey: Guid(ff487f03ae872ec46846801054daca16) Importer(815301076,1909f56bfc062723c751e8b465ee728b)
Start importing Assets/Pack_AncienEgypt/DemoScene/Ancient_Egypt_U5.unity using Guid(ff487f03ae872ec46846801054daca16) Importer(815301076,1909f56bfc062723c751e8b465ee728b)  -> (artifact id: '22d65905908c3c0dd571e0ec0d124f4a') in 0.022028 seconds 
  Import took 0.028415 seconds .

========================================================================
Received Import Request.
  Time since last request: 21.798026 seconds.
  path: Assets/Pack_AncienEgypt/DemoScene/HomeScene.unity
  artifactKey: Guid(8f81d086a2b77354e9f0ef4660d3776a) Importer(815301076,1909f56bfc062723c751e8b465ee728b)
Start importing Assets/Pack_AncienEgypt/DemoScene/HomeScene.unity using Guid(8f81d086a2b77354e9f0ef4660d3776a) Importer(815301076,1909f56bfc062723c751e8b465ee728b)  -> (artifact id: 'd98f31210f4eb0fc0dff5bbc32a1bc5f') in 0.011913 seconds 
  Import took 0.021945 seconds .

========================================================================
Received Import Request.
  Time since last request: 9.789764 seconds.
  path: Assets/Pack_AncienEgypt/DemoScene/House_Inside.unity
  artifactKey: Guid(4293b3f15d8895144b9e29d6b9dda040) Importer(815301076,1909f56bfc062723c751e8b465ee728b)
Start importing Assets/Pack_AncienEgypt/DemoScene/House_Inside.unity using Guid(4293b3f15d8895144b9e29d6b9dda040) Importer(815301076,1909f56bfc062723c751e8b465ee728b)  -> (artifact id: '5105ea1cdbde631e32ba76c9fd36d6a8') in 0.012018 seconds 
  Import took 0.022205 seconds .

========================================================================
Received Import Request.
  Time since last request: 12.893383 seconds.
  path: Assets/Pack_AncienEgypt/DemoScene/Pyramid_inside.unity
  artifactKey: Guid(1a3b4503b6fc281418fc081ed108c9a3) Importer(815301076,1909f56bfc062723c751e8b465ee728b)
Start importing Assets/Pack_AncienEgypt/DemoScene/Pyramid_inside.unity using Guid(1a3b4503b6fc281418fc081ed108c9a3) Importer(815301076,1909f56bfc062723c751e8b465ee728b)  -> (artifact id: 'a86077e633d90f89af36581016cab881') in 0.009672 seconds 
  Import took 0.019293 seconds .

========================================================================
Received Import Request.
  Time since last request: 13.443332 seconds.
  path: Assets/Pack_AncienEgypt/DemoScene/Temple_inside.unity
  artifactKey: Guid(5c55b2ee5ffd5c147bda30a4b848d902) Importer(815301076,1909f56bfc062723c751e8b465ee728b)
Start importing Assets/Pack_AncienEgypt/DemoScene/Temple_inside.unity using Guid(5c55b2ee5ffd5c147bda30a4b848d902) Importer(815301076,1909f56bfc062723c751e8b465ee728b)  -> (artifact id: '3d97206e823984b2f3193ab55641268a') in 0.009296 seconds 
  Import took 0.019755 seconds .

========================================================================
Received Import Request.
  Time since last request: 187.685767 seconds.
  path: Assets/Pack_AncienEgypt/FBX/Alcove.fbx
  artifactKey: Guid(c3511106edbf09d4aa2677c1eaf37dcc) Importer(815301076,1909f56bfc062723c751e8b465ee728b)
Start importing Assets/Pack_AncienEgypt/FBX/Alcove.fbx using Guid(c3511106edbf09d4aa2677c1eaf37dcc) Importer(815301076,1909f56bfc062723c751e8b465ee728b)  -> (artifact id: '2c0e540d085944d72f2608f523e14939') in 0.243975 seconds 
  Import took 0.250135 seconds .

========================================================================
Received Import Request.
  Time since last request: 1.255875 seconds.
  path: Assets/Pack_AncienEgypt/FBX/Bag_01.fbx
  artifactKey: Guid(57eb25d61b6d7d04bb13b3d3d0219e4a) Importer(815301076,1909f56bfc062723c751e8b465ee728b)
Start importing Assets/Pack_AncienEgypt/FBX/Bag_01.fbx using Guid(57eb25d61b6d7d04bb13b3d3d0219e4a) Importer(815301076,1909f56bfc062723c751e8b465ee728b)  -> (artifact id: 'ff7fcd2dcdd21f5fed5037d6137e67e2') in 0.112567 seconds 
  Import took 0.119010 seconds .

========================================================================
Received Import Request.
  Time since last request: 0.389901 seconds.
  path: Assets/Pack_AncienEgypt/FBX/Bag_02.fbx
  artifactKey: Guid(d64e81bf759dc64489fb5b2b9bd4cbb3) Importer(815301076,1909f56bfc062723c751e8b465ee728b)
Start importing Assets/Pack_AncienEgypt/FBX/Bag_02.fbx using Guid(d64e81bf759dc64489fb5b2b9bd4cbb3) Importer(815301076,1909f56bfc062723c751e8b465ee728b)  -> (artifact id: '3a7419d50ff7de5c2deea6c65ebbe877') in 0.044178 seconds 
  Import took 0.052553 seconds .

========================================================================
Received Import Request.
  Time since last request: 0.393876 seconds.
  path: Assets/Pack_AncienEgypt/FBX/Bag_03.fbx
  artifactKey: Guid(84f36c1751ee68748b8cfb8a60faa0ec) Importer(815301076,1909f56bfc062723c751e8b465ee728b)
Start importing Assets/Pack_AncienEgypt/FBX/Bag_03.fbx using Guid(84f36c1751ee68748b8cfb8a60faa0ec) Importer(815301076,1909f56bfc062723c751e8b465ee728b)  -> (artifact id: 'f7c4f7a75e9d0879c863e2860e061af2') in 0.049710 seconds 
  Import took 0.057406 seconds .

========================================================================
Received Import Request.
  Time since last request: 0.378810 seconds.
  path: Assets/Pack_AncienEgypt/FBX/Bag_04.fbx
  artifactKey: Guid(e7f65e1a96d63a14d85bc40be03801a5) Importer(815301076,1909f56bfc062723c751e8b465ee728b)
Start importing Assets/Pack_AncienEgypt/FBX/Bag_04.fbx using Guid(e7f65e1a96d63a14d85bc40be03801a5) Importer(815301076,1909f56bfc062723c751e8b465ee728b)  -> (artifact id: '7eb03cfa2e64886738f3059b4a6c0b8f') in 0.044288 seconds 
  Import took 0.051121 seconds .

========================================================================
Received Import Request.
  Time since last request: 1.399154 seconds.
  path: Assets/Pack_AncienEgypt/FBX/Bag_05.fbx
  artifactKey: Guid(7a6f45ac0f1704d408a63e4f588436a0) Importer(815301076,1909f56bfc062723c751e8b465ee728b)
Start importing Assets/Pack_AncienEgypt/FBX/Bag_05.fbx using Guid(7a6f45ac0f1704d408a63e4f588436a0) Importer(815301076,1909f56bfc062723c751e8b465ee728b)  -> (artifact id: '8f1cbe2606916792dadedebf6d875637') in 0.029043 seconds 
  Import took 0.039132 seconds .

========================================================================
Received Import Request.
  Time since last request: 0.936903 seconds.
  path: Assets/Pack_AncienEgypt/FBX/Barrel.fbx
  artifactKey: Guid(6fe9a84b05ba6c0469019d4e2e964338) Importer(815301076,1909f56bfc062723c751e8b465ee728b)
Start importing Assets/Pack_AncienEgypt/FBX/Barrel.fbx using Guid(6fe9a84b05ba6c0469019d4e2e964338) Importer(815301076,1909f56bfc062723c751e8b465ee728b)  -> (artifact id: '2e0e59ff88b15885b8c20c5ce8c123b1') in 0.037884 seconds 
  Import took 0.045430 seconds .

========================================================================
Received Import Request.
  Time since last request: 0.482735 seconds.
  path: Assets/Pack_AncienEgypt/FBX/Basket_01.fbx
  artifactKey: Guid(9ec01b9ec48936a408833cecf4f33d7d) Importer(815301076,1909f56bfc062723c751e8b465ee728b)
Start importing Assets/Pack_AncienEgypt/FBX/Basket_01.fbx using Guid(9ec01b9ec48936a408833cecf4f33d7d) Importer(815301076,1909f56bfc062723c751e8b465ee728b)  -> (artifact id: 'ab6628be52cafe7ae45d76e84ff0227f') in 0.037121 seconds 
  Import took 0.044607 seconds .

========================================================================
Received Import Request.
  Time since last request: 3.083478 seconds.
  path: Assets/Pack_AncienEgypt/FBX/Bench_02.fbx
  artifactKey: Guid(6483face53e61d14099abd8d08353d6d) Importer(815301076,1909f56bfc062723c751e8b465ee728b)
Start importing Assets/Pack_AncienEgypt/FBX/Bench_02.fbx using Guid(6483face53e61d14099abd8d08353d6d) Importer(815301076,1909f56bfc062723c751e8b465ee728b)  -> (artifact id: 'f7fba670d47aecce863b7d1ab150b2f8') in 0.034226 seconds 
  Import took 0.043782 seconds .

========================================================================
Received Import Request.
  Time since last request: 1.006273 seconds.
  path: Assets/Pack_AncienEgypt/FBX/Chair_03.fbx
  artifactKey: Guid(a72a383154320844c99cf354b31b9d79) Importer(815301076,1909f56bfc062723c751e8b465ee728b)
Start importing Assets/Pack_AncienEgypt/FBX/Chair_03.fbx using Guid(a72a383154320844c99cf354b31b9d79) Importer(815301076,1909f56bfc062723c751e8b465ee728b)  -> (artifact id: 'b32db5f1b08e5aad6cf104bc8e68c6ff') in 0.035827 seconds 
  Import took 0.043445 seconds .

========================================================================
Received Import Request.
  Time since last request: 1.566650 seconds.
  path: Assets/Pack_AncienEgypt/FBX/Corridor_Trap_1x3.FBX
  artifactKey: Guid(3b72b74e3a9da1c44ab7453c5d6f850a) Importer(815301076,1909f56bfc062723c751e8b465ee728b)
Start importing Assets/Pack_AncienEgypt/FBX/Corridor_Trap_1x3.FBX using Guid(3b72b74e3a9da1c44ab7453c5d6f850a) Importer(815301076,1909f56bfc062723c751e8b465ee728b)  -> (artifact id: 'eeafc035218bd107a84b2dd26d8fdfc6') in 0.049687 seconds 
  Import took 0.056921 seconds .

========================================================================
Received Import Request.
  Time since last request: 0.675786 seconds.
  path: Assets/Pack_AncienEgypt/FBX/Door.fbx
  artifactKey: Guid(29b0820689ad8474ebfb5499b34e3e41) Importer(815301076,1909f56bfc062723c751e8b465ee728b)
Start importing Assets/Pack_AncienEgypt/FBX/Door.fbx using Guid(29b0820689ad8474ebfb5499b34e3e41) Importer(815301076,1909f56bfc062723c751e8b465ee728b)  -> (artifact id: '9b25929ed1d66c4781bb1b3d6c59e16d') in 0.030398 seconds 
  Import took 0.040301 seconds .

========================================================================
Received Import Request.
  Time since last request: 0.990383 seconds.
  path: Assets/Pack_AncienEgypt/FBX/ExteriorChest_02.fbx
  artifactKey: Guid(3075f38f98db02640bec3ad5c1200901) Importer(815301076,1909f56bfc062723c751e8b465ee728b)
Start importing Assets/Pack_AncienEgypt/FBX/ExteriorChest_02.fbx using Guid(3075f38f98db02640bec3ad5c1200901) Importer(815301076,1909f56bfc062723c751e8b465ee728b)  -> (artifact id: 'a256eb483c673738a99563632ccfa66d') in 0.038078 seconds 
  Import took 0.045759 seconds .

========================================================================
Received Prepare
Registering precompiled user dll's ...
Registered in 0.003712 seconds.
Begin MonoManager ReloadAssembly
Native extension for WindowsStandalone target not found
Refreshing native plugins compatible for Editor in 1.18 ms, found 2 plugins.
Preloading 0 native plugins for Editor in 0.00 ms.
Mono: successfully reloaded assembly
- Completed reload, in  1.554 seconds
Domain Reload Profiling:
	ReloadAssembly (1555ms)
		BeginReloadAssembly (158ms)
			ExecutionOrderSort (0ms)
			DisableScriptedObjects (4ms)
			BackupInstance (0ms)
			ReleaseScriptingObjects (0ms)
			CreateAndSetChildDomain (46ms)
		EndReloadAssembly (1319ms)
			LoadAssemblies (119ms)
			RebuildTransferFunctionScriptingTraits (0ms)
			SetupTypeCache (483ms)
			ReleaseScriptCaches (1ms)
			RebuildScriptCaches (49ms)
			SetupLoadedEditorAssemblies (555ms)
				LogAssemblyErrors (0ms)
				InitializePlatformSupportModulesInManaged (4ms)
				SetLoadedEditorAssemblies (1ms)
				RefreshPlugins (1ms)
				BeforeProcessingInitializeOnLoad (53ms)
				ProcessInitializeOnLoadAttributes (481ms)
				ProcessInitializeOnLoadMethodAttributes (6ms)
				AfterProcessingInitializeOnLoad (9ms)
				EditorAssembliesLoaded (0ms)
			ExecutionOrderSort2 (0ms)
			AwakeInstancesAfterBackupRestoration (9ms)
Platform modules already initialized, skipping
OnLevelWasLoaded was found on GameManager
This message has been deprecated and will be removed in a later version of Unity.
Add a delegate to SceneManager.sceneLoaded instead to get notifications after scene loading has completed
Refreshing native plugins compatible for Editor in 1.17 ms, found 2 plugins.
Preloading 0 native plugins for Editor in 0.00 ms.
Unloading 3241 Unused Serialized files (Serialized files now loaded: 0)
System memory in use before: 216.3 MB.
System memory in use after: 216.5 MB.

Unloading 13 unused Assets to reduce memory usage. Loaded Objects now: 3740.
Total: 4.043200 ms (FindLiveObjects: 0.391400 ms CreateObjectMapping: 0.259100 ms MarkObjects: 3.361000 ms  DeleteObjects: 0.029700 ms)

AssetImportParameters requested are different than current active one (requested -> active):
  custom:framework-win-MediaFoundation: 216162199b28c13a410421893ffa2e32 -> 
  custom:video-decoder-ogg-theora: a1e56fd34408186e4bbccfd4996cb3dc -> 
  custom:container-muxer-webm: aa71ff27fc2769a1b78a27578f13a17b -> 
  custom:container-demuxer-webm: 4f35f7cbe854078d1ac9338744f61a02 -> 
  custom:container-demuxer-ogg: 62fdf1f143b41e24485cea50d1cbac27 -> 
  custom:video-encoder-webm-vp8: eb34c28f22e8b96e1ab97ce403110664 -> 
  custom:video-decoder-webm-vp8: 9c59270c3fd7afecdb556c50c9e8de78 -> 
  custom:audio-decoder-ogg-vorbis: bf7c407c2cedff20999df2af8eb42d56 -> 
  custom:audio-encoder-webm-vorbis: bf7c407c2cedff20999df2af8eb42d56 -> 
========================================================================
Received Import Request.
  Time since last request: 512.201178 seconds.
  path: Assets/Pack_AncienEgypt/Textures/Furniture_Props.png
  artifactKey: Guid(949a11f8c67453845a17f64bb32cc7c1) Importer(815301076,1909f56bfc062723c751e8b465ee728b)
Start importing Assets/Pack_AncienEgypt/Textures/Furniture_Props.png using Guid(949a11f8c67453845a17f64bb32cc7c1) Importer(815301076,1909f56bfc062723c751e8b465ee728b)  -> (artifact id: '21acc4a31f9c60a6d0aab01d38a4331c') in 0.118388 seconds 
  Import took 0.129741 seconds .

========================================================================
Received Import Request.
  Time since last request: 4.045687 seconds.
  path: Assets/Pack_AncienEgypt/Standard Assets/Character Controllers
  artifactKey: Guid(1a10272d94ebf4d408d8f37253afeacd) Importer(815301076,1909f56bfc062723c751e8b465ee728b)
Start importing Assets/Pack_AncienEgypt/Standard Assets/Character Controllers using Guid(1a10272d94ebf4d408d8f37253afeacd) Importer(815301076,1909f56bfc062723c751e8b465ee728b)  -> (artifact id: '8a2aa306c6e96e1635a22c406047d020') in 0.011019 seconds 
  Import took 0.020724 seconds .

========================================================================
Received Import Request.
  Time since last request: 0.688776 seconds.
  path: Assets/Pack_AncienEgypt/Standard Assets/Character Controllers/3rd Person Controller.prefab
  artifactKey: Guid(2314ce3a3eecf4816bad3c9eca4de2e1) Importer(815301076,1909f56bfc062723c751e8b465ee728b)
Start importing Assets/Pack_AncienEgypt/Standard Assets/Character Controllers/3rd Person Controller.prefab using Guid(2314ce3a3eecf4816bad3c9eca4de2e1) Importer(815301076,1909f56bfc062723c751e8b465ee728b)  -> (artifact id: 'ea721aa0f75c238c47df53a7831a272f') in 0.176161 seconds 
  Import took 0.182777 seconds .

========================================================================
Received Import Request.
  Time since last request: 0.978882 seconds.
  path: Assets/Pack_AncienEgypt/Standard Assets/Character Controllers/First Person Controller.prefab
  artifactKey: Guid(9d4133d5d30b644bd87802a347eaccbe) Importer(815301076,1909f56bfc062723c751e8b465ee728b)
Start importing Assets/Pack_AncienEgypt/Standard Assets/Character Controllers/First Person Controller.prefab using Guid(9d4133d5d30b644bd87802a347eaccbe) Importer(815301076,1909f56bfc062723c751e8b465ee728b)  -> (artifact id: '00b2e7b2651efd43321cc4f0097fb8c9') in 0.035989 seconds 
  Import took 0.042647 seconds .

========================================================================
Received Import Request.
  Time since last request: 7.559076 seconds.
  path: Assets/Pack_AncienEgypt/Prefab/Houses/House_02.prefab
  artifactKey: Guid(881d82f005a6c2b4d92fd515398e40a5) Importer(815301076,1909f56bfc062723c751e8b465ee728b)
Start importing Assets/Pack_AncienEgypt/Prefab/Houses/House_02.prefab using Guid(881d82f005a6c2b4d92fd515398e40a5) Importer(815301076,1909f56bfc062723c751e8b465ee728b)  -> (artifact id: '0927fc19bc835f0c847da46e7648f2f4') in 0.027362 seconds 
  Import took 0.034860 seconds .

========================================================================
Received Import Request.
  Time since last request: 0.649446 seconds.
  path: Assets/Pack_AncienEgypt/Prefab/Houses/House_01.prefab
  artifactKey: Guid(eff095cef73b40b459046b22064c840b) Importer(815301076,1909f56bfc062723c751e8b465ee728b)
Start importing Assets/Pack_AncienEgypt/Prefab/Houses/House_01.prefab using Guid(eff095cef73b40b459046b22064c840b) Importer(815301076,1909f56bfc062723c751e8b465ee728b)  -> (artifact id: '7ff2c559686435216e1935839f6637ea') in 0.031623 seconds 
  Import took 0.041457 seconds .

========================================================================
Received Import Request.
  Time since last request: 15.240690 seconds.
  path: Assets/Pack_AncienEgypt/Prefab/Houses/House_03.prefab
  artifactKey: Guid(a13e6949f497c4749aff99971be8d511) Importer(815301076,1909f56bfc062723c751e8b465ee728b)
Start importing Assets/Pack_AncienEgypt/Prefab/Houses/House_03.prefab using Guid(a13e6949f497c4749aff99971be8d511) Importer(815301076,1909f56bfc062723c751e8b465ee728b)  -> (artifact id: '219cb5343aefaa794650a067c9509235') in 0.024566 seconds 
  Import took 0.032994 seconds .

========================================================================
Received Import Request.
  Time since last request: 4.541761 seconds.
  path: Assets/Knife/Customizable Hologramm Shader
  artifactKey: Guid(3825f43e9a0d69d4ba6ff8ef02441f7b) Importer(815301076,1909f56bfc062723c751e8b465ee728b)
Start importing Assets/Knife/Customizable Hologramm Shader using Guid(3825f43e9a0d69d4ba6ff8ef02441f7b) Importer(815301076,1909f56bfc062723c751e8b465ee728b)  -> (artifact id: 'bc5d7174f774ac9cb533e003fe56fd88') in 0.011876 seconds 
  Import took 0.021661 seconds .

========================================================================
Received Import Request.
  Time since last request: 14.826044 seconds.
  path: Assets/my project/Scenes/mesir.unity
  artifactKey: Guid(9fc0d4010bbf28b4594072e72b8655ab) Importer(815301076,1909f56bfc062723c751e8b465ee728b)
Start importing Assets/my project/Scenes/mesir.unity using Guid(9fc0d4010bbf28b4594072e72b8655ab) Importer(815301076,1909f56bfc062723c751e8b465ee728b)  -> (artifact id: '3d3371d705fec76a891baa525d692a6e') in 0.012485 seconds 
  Import took 0.020870 seconds .

========================================================================
Received Prepare
Registering precompiled user dll's ...
Registered in 0.003729 seconds.
Begin MonoManager ReloadAssembly
Native extension for WindowsStandalone target not found
Refreshing native plugins compatible for Editor in 0.95 ms, found 2 plugins.
Preloading 0 native plugins for Editor in 0.00 ms.
Mono: successfully reloaded assembly
- Completed reload, in  1.240 seconds
Domain Reload Profiling:
	ReloadAssembly (1240ms)
		BeginReloadAssembly (135ms)
			ExecutionOrderSort (0ms)
			DisableScriptedObjects (4ms)
			BackupInstance (0ms)
			ReleaseScriptingObjects (0ms)
			CreateAndSetChildDomain (43ms)
		EndReloadAssembly (1040ms)
			LoadAssemblies (97ms)
			RebuildTransferFunctionScriptingTraits (0ms)
			SetupTypeCache (329ms)
			ReleaseScriptCaches (1ms)
			RebuildScriptCaches (47ms)
			SetupLoadedEditorAssemblies (456ms)
				LogAssemblyErrors (0ms)
				InitializePlatformSupportModulesInManaged (5ms)
				SetLoadedEditorAssemblies (0ms)
				RefreshPlugins (1ms)
				BeforeProcessingInitializeOnLoad (52ms)
				ProcessInitializeOnLoadAttributes (386ms)
				ProcessInitializeOnLoadMethodAttributes (4ms)
				AfterProcessingInitializeOnLoad (7ms)
				EditorAssembliesLoaded (0ms)
			ExecutionOrderSort2 (0ms)
			AwakeInstancesAfterBackupRestoration (7ms)
Platform modules already initialized, skipping
OnLevelWasLoaded was found on GameManager
This message has been deprecated and will be removed in a later version of Unity.
Add a delegate to SceneManager.sceneLoaded instead to get notifications after scene loading has completed
